#
# There is insufficient memory for the Java Runtime Environment to continue.
# Native memory allocation (malloc) failed to allocate 131088 bytes for Chunk::new
# Possible reasons:
#   The system is out of physical RAM or swap space
#   In 32 bit mode, the process size limit was hit
# Possible solutions:
#   Reduce memory load on the system
#   Increase physical memory or swap space
#   Check if swap backing store is full
#   Use 64 bit Java on a 64 bit OS
#   Decrease Java heap size (-Xmx/-Xms)
#   Decrease number of Java threads
#   Decrease Java thread stack sizes (-Xss)
#   Set larger code cache with -XX:ReservedCodeCacheSize=
# This output file may be truncated or incomplete.
#
#  Out of Memory Error (allocation.cpp:390), pid=5060, tid=3692
#
# JRE version: Java(TM) SE Runtime Environment (8.0_65-b17) (build 1.8.0_65-b17)
# Java VM: Java HotSpot(TM) 64-Bit Server VM (25.65-b01 mixed mode windows-amd64 compressed oops)
# Failed to write core dump. Minidumps are not enabled by default on client versions of Windows
#

---------------  T H R E A D  ---------------

Current thread (0x0000000054e1b000):  JavaThread "C2 CompilerThread0" daemon [_thread_in_native, id=3692, stack(0x0000000056050000,0x0000000056150000)]

Stack: [0x0000000056050000,0x0000000056150000]
[error occurred during error reporting (printing stack bounds), id 0xc0000005]

Native frames: (J=compiled Java code, j=interpreted, Vv=VM code, C=native code)


Current CompileTask:
C2:  17718 1865       4       com.android.dx.cf.code.Simulator$SimVisitor::visitConstant (332 bytes)


---------------  P R O C E S S  ---------------

Java Threads: ( => current thread )
  0x0000000056633800 JavaThread "pool-1-thread-4" [_thread_blocked, id=4440, stack(0x0000000056f10000,0x0000000057010000)]
  0x000000005662e800 JavaThread "pool-1-thread-3" [_thread_blocked, id=4160, stack(0x0000000056ca0000,0x0000000056da0000)]
  0x000000005657d000 JavaThread "pool-1-thread-2" [_thread_blocked, id=4632, stack(0x0000000056de0000,0x0000000056ee0000)]
  0x000000005657a800 JavaThread "pool-2-thread-1" [_thread_blocked, id=2088, stack(0x0000000056b80000,0x0000000056c80000)]
  0x0000000056574800 JavaThread "pool-1-thread-1" [_thread_blocked, id=3440, stack(0x00000000558d0000,0x00000000559d0000)]
  0x0000000054e7b800 JavaThread "Service Thread" daemon [_thread_blocked, id=756, stack(0x00000000567c0000,0x00000000568c0000)]
  0x0000000054e1f000 JavaThread "C1 CompilerThread1" daemon [_thread_blocked, id=4260, stack(0x0000000056230000,0x0000000056330000)]
=>0x0000000054e1b000 JavaThread "C2 CompilerThread0" daemon [_thread_in_native, id=3692, stack(0x0000000056050000,0x0000000056150000)]
  0x0000000054e19000 JavaThread "Attach Listener" daemon [_thread_blocked, id=2972, stack(0x0000000055d50000,0x0000000055e50000)]
  0x0000000054e17800 JavaThread "Signal Dispatcher" daemon [_thread_blocked, id=3620, stack(0x0000000055e50000,0x0000000055f50000)]
  0x0000000054dbc000 JavaThread "Finalizer" daemon [_thread_blocked, id=3068, stack(0x0000000055c20000,0x0000000055d20000)]
  0x0000000054db3000 JavaThread "Reference Handler" daemon [_thread_blocked, id=2276, stack(0x00000000559e0000,0x0000000055ae0000)]
  0x000000000018e000 JavaThread "main" [_thread_blocked, id=2928, stack(0x0000000002490000,0x0000000002590000)]

Other Threads:
  0x0000000054dad000 VMThread [stack: 0x00000000557c0000,0x00000000558c0000] [id=2696]
  0x0000000054e27000 WatcherThread [stack: 0x0000000056980000,0x0000000056a80000] [id=3776]

VM state:not at safepoint (normal execution)

VM Mutex/Monitor currently owned by a thread: None

Heap:
 PSYoungGen      total 53248K, used 14174K [0x00000000eab00000, 0x00000000ee300000, 0x0000000100000000)
  eden space 49152K, 20% used [0x00000000eab00000,0x00000000eb4d7a98,0x00000000edb00000)
  from space 4096K, 100% used [0x00000000edb00000,0x00000000edf00000,0x00000000edf00000)
  to   space 4096K, 0% used [0x00000000edf00000,0x00000000edf00000,0x00000000ee300000)
 ParOldGen       total 65536K, used 10343K [0x00000000c0000000, 0x00000000c4000000, 0x00000000eab00000)
  object space 65536K, 15% used [0x00000000c0000000,0x00000000c0a19c30,0x00000000c4000000)
 Metaspace       used 6329K, capacity 7152K, committed 7296K, reserved 1056768K
  class space    used 603K, capacity 616K, committed 640K, reserved 1048576K

Card table byte_map: [0x0000000011c20000,0x0000000011e30000] byte_map_base: 0x0000000011620000

Marking Bits: (ParMarkBitMap*) 0x000000006446a5b0
 Begin Bits: [0x0000000012280000, 0x0000000013280000)
 End Bits:   [0x0000000013280000, 0x0000000014280000)

Polling page: 0x0000000000140000

CodeCache: size=245760Kb used=8451Kb max_used=8451Kb free=237308Kb
 bounds [0x0000000002860000, 0x00000000030b0000, 0x0000000011860000]
 total_blobs=2130 nmethods=1861 adapters=182
 compilation: enabled

Compilation events (10 events):
Event: 17.546 Thread 0x0000000054e1f000 nmethod 1860 0x000000000307cfd0 code [0x000000000307d160, 0x000000000307d798]
Event: 17.560 Thread 0x0000000054e1b000 1861   !   4       com.android.dx.cf.direct.AttributeFactory::parse (248 bytes)
Event: 17.567 Thread 0x0000000054e1b000 nmethod 1861 0x000000000307ed90 code [0x000000000307ef20, 0x000000000307f838]
Event: 17.581 Thread 0x0000000054e1f000 1862       3       java.util.Date::getTimeImpl (27 bytes)
Event: 17.582 Thread 0x0000000054e1f000 nmethod 1862 0x000000000307ca50 code [0x000000000307cbc0, 0x000000000307ce68]
Event: 17.585 Thread 0x0000000054e1b000 1863       4       com.android.dx.cf.code.ByteOps::opInfo (6 bytes)
Event: 17.586 Thread 0x0000000054e1f000 1864   !   2       com.android.dx.cf.code.BytecodeArray::parseInstruction (2764 bytes)
Event: 17.586 Thread 0x0000000054e1b000 nmethod 1863 0x0000000002fec050 code [0x0000000002fec180, 0x0000000002fec1d8]
Event: 17.596 Thread 0x0000000054e1f000 nmethod 1864 0x00000000030987d0 code [0x0000000003099700, 0x000000000309fbc8]
Event: 17.601 Thread 0x0000000054e1b000 1865       4       com.android.dx.cf.code.Simulator$SimVisitor::visitConstant (332 bytes)

GC Heap History (6 events):
Event: 1.653 GC heap before
{Heap before GC invocations=1 (full 0):
 PSYoungGen      total 28672K, used 24576K [0x00000000eab00000, 0x00000000ecb00000, 0x0000000100000000)
  eden space 24576K, 100% used [0x00000000eab00000,0x00000000ec300000,0x00000000ec300000)
  from space 4096K, 0% used [0x00000000ec700000,0x00000000ec700000,0x00000000ecb00000)
  to   space 4096K, 0% used [0x00000000ec300000,0x00000000ec300000,0x00000000ec700000)
 ParOldGen       total 65536K, used 0K [0x00000000c0000000, 0x00000000c4000000, 0x00000000eab00000)
  object space 65536K, 0% used [0x00000000c0000000,0x00000000c0000000,0x00000000c4000000)
 Metaspace       used 5843K, capacity 6768K, committed 7040K, reserved 1056768K
  class space    used 594K, capacity 616K, committed 640K, reserved 1048576K
Event: 1.716 GC heap after
Heap after GC invocations=1 (full 0):
 PSYoungGen      total 28672K, used 4088K [0x00000000eab00000, 0x00000000ee300000, 0x0000000100000000)
  eden space 24576K, 0% used [0x00000000eab00000,0x00000000eab00000,0x00000000ec300000)
  from space 4096K, 99% used [0x00000000ec300000,0x00000000ec6fe310,0x00000000ec700000)
  to   space 4096K, 0% used [0x00000000edf00000,0x00000000edf00000,0x00000000ee300000)
 ParOldGen       total 65536K, used 258K [0x00000000c0000000, 0x00000000c4000000, 0x00000000eab00000)
  object space 65536K, 0% used [0x00000000c0000000,0x00000000c0040bc0,0x00000000c4000000)
 Metaspace       used 5843K, capacity 6768K, committed 7040K, reserved 1056768K
  class space    used 594K, capacity 616K, committed 640K, reserved 1048576K
}
Event: 6.571 GC heap before
{Heap before GC invocations=2 (full 0):
 PSYoungGen      total 28672K, used 28664K [0x00000000eab00000, 0x00000000ee300000, 0x0000000100000000)
  eden space 24576K, 100% used [0x00000000eab00000,0x00000000ec300000,0x00000000ec300000)
  from space 4096K, 99% used [0x00000000ec300000,0x00000000ec6fe310,0x00000000ec700000)
  to   space 4096K, 0% used [0x00000000edf00000,0x00000000edf00000,0x00000000ee300000)
 ParOldGen       total 65536K, used 258K [0x00000000c0000000, 0x00000000c4000000, 0x00000000eab00000)
  object space 65536K, 0% used [0x00000000c0000000,0x00000000c0040bc0,0x00000000c4000000)
 Metaspace       used 6103K, capacity 7024K, committed 7296K, reserved 1056768K
  class space    used 600K, capacity 616K, committed 640K, reserved 1048576K
Event: 6.646 GC heap after
Heap after GC invocations=2 (full 0):
 PSYoungGen      total 53248K, used 4064K [0x00000000eab00000, 0x00000000ee300000, 0x0000000100000000)
  eden space 49152K, 0% used [0x00000000eab00000,0x00000000eab00000,0x00000000edb00000)
  from space 4096K, 99% used [0x00000000edf00000,0x00000000ee2f8018,0x00000000ee300000)
  to   space 4096K, 0% used [0x00000000edb00000,0x00000000edb00000,0x00000000edf00000)
 ParOldGen       total 65536K, used 2345K [0x00000000c0000000, 0x00000000c4000000, 0x00000000eab00000)
  object space 65536K, 3% used [0x00000000c0000000,0x00000000c024a418,0x00000000c4000000)
 Metaspace       used 6103K, capacity 7024K, committed 7296K, reserved 1056768K
  class space    used 600K, capacity 616K, committed 640K, reserved 1048576K
}
Event: 17.190 GC heap before
{Heap before GC invocations=3 (full 0):
 PSYoungGen      total 53248K, used 53216K [0x00000000eab00000, 0x00000000ee300000, 0x0000000100000000)
  eden space 49152K, 100% used [0x00000000eab00000,0x00000000edb00000,0x00000000edb00000)
  from space 4096K, 99% used [0x00000000edf00000,0x00000000ee2f8018,0x00000000ee300000)
  to   space 4096K, 0% used [0x00000000edb00000,0x00000000edb00000,0x00000000edf00000)
 ParOldGen       total 65536K, used 2345K [0x00000000c0000000, 0x00000000c4000000, 0x00000000eab00000)
  object space 65536K, 3% used [0x00000000c0000000,0x00000000c024a418,0x00000000c4000000)
 Metaspace       used 6324K, capacity 7152K, committed 7296K, reserved 1056768K
  class space    used 602K, capacity 616K, committed 640K, reserved 1048576K
Event: 17.258 GC heap after
Heap after GC invocations=3 (full 0):
 PSYoungGen      total 53248K, used 4096K [0x00000000eab00000, 0x00000000ee300000, 0x0000000100000000)
  eden space 49152K, 0% used [0x00000000eab00000,0x00000000eab00000,0x00000000edb00000)
  from space 4096K, 100% used [0x00000000edb00000,0x00000000edf00000,0x00000000edf00000)
  to   space 4096K, 0% used [0x00000000edf00000,0x00000000edf00000,0x00000000ee300000)
 ParOldGen       total 65536K, used 10343K [0x00000000c0000000, 0x00000000c4000000, 0x00000000eab00000)
  object space 65536K, 15% used [0x00000000c0000000,0x00000000c0a19c30,0x00000000c4000000)
 Metaspace       used 6324K, capacity 7152K, committed 7296K, reserved 1056768K
  class space    used 602K, capacity 616K, committed 640K, reserved 1048576K
}

Deoptimization events (10 events):
Event: 11.981 Thread 0x0000000056574800 Uncommon trap: reason=unstable_if action=reinterpret pc=0x0000000002c3f5e8 method=com.android.dx.rop.code.RegisterSpecSet.<init>(I)V @ 2
Event: 12.070 Thread 0x0000000056574800 Uncommon trap: reason=bimorphic action=maybe_recompile pc=0x0000000002f7fbf0 method=com.android.dx.cf.code.RopperMachine.run(Lcom/android/dx/cf/code/Frame;II)V @ 988
Event: 12.072 Thread 0x0000000056574800 Uncommon trap: reason=unstable_if action=reinterpret pc=0x0000000002df9b08 method=com.android.dx.ssa.SCCP.simulateBranch(Lcom/android/dx/ssa/SsaInsn;)V @ 64
Event: 12.076 Thread 0x0000000056574800 Uncommon trap: reason=unloaded action=reinterpret pc=0x0000000002dcb180 method=com.android.dx.ssa.LiteralOpUpgrader$1.visitNonMoveInsn(Lcom/android/dx/ssa/NormalSsaInsn;)V @ 72
Event: 12.077 Thread 0x0000000056574800 Uncommon trap: reason=unstable_if action=reinterpret pc=0x0000000002be680c method=com.android.dx.ssa.SsaMethod.updateOneDefinition(Lcom/android/dx/ssa/SsaInsn;Lcom/android/dx/rop/code/RegisterSpec;)V @ 4
Event: 17.583 Thread 0x000000005662e800 Uncommon trap: reason=bimorphic action=maybe_recompile pc=0x0000000002d3ca14 method=com.android.dx.cf.code.BytecodeArray.parseInstruction(ILcom/android/dx/cf/code/BytecodeArray$Visitor;)I @ 1357
Event: 17.583 Thread 0x000000005662e800 Uncommon trap: reason=bimorphic action=maybe_recompile pc=0x0000000002d3ca14 method=com.android.dx.cf.code.BytecodeArray.parseInstruction(ILcom/android/dx/cf/code/BytecodeArray$Visitor;)I @ 1357
Event: 17.583 Thread 0x000000005662e800 Uncommon trap: reason=bimorphic action=maybe_recompile pc=0x0000000002d3ca14 method=com.android.dx.cf.code.BytecodeArray.parseInstruction(ILcom/android/dx/cf/code/BytecodeArray$Visitor;)I @ 1357
Event: 17.583 Thread 0x000000005662e800 Uncommon trap: reason=bimorphic action=maybe_recompile pc=0x0000000002d3ca14 method=com.android.dx.cf.code.BytecodeArray.parseInstruction(ILcom/android/dx/cf/code/BytecodeArray$Visitor;)I @ 1357
Event: 17.598 Thread 0x000000005662e800 Uncommon trap: reason=bimorphic action=maybe_recompile pc=0x0000000002e50b50 method=com.android.dx.ssa.SCCP.simulatePhi(Lcom/android/dx/ssa/PhiInsn;)V @ 124

Internal exceptions (2 events):
Event: 0.113 Thread 0x000000000018e000 Exception <a 'java/lang/NoSuchMethodError': Method sun.misc.Unsafe.defineClass(Ljava/lang/String;[BII)Ljava/lang/Class; name or signature does not match> (0x00000000eab12f10) thrown at [C:\workspace\8-2-build-windows-amd64-cygwin\jdk8u65\4987\hotspot\src\srP÷]¼Ù¼?
Event: 0.113 Thread 0x000000000018e000 Exception <a 'java/lang/NoSuchMethodError': Method sun.misc.Unsafe.prefetchRead(Ljava/lang/Object;J)V name or signature does not match> (0x00000000eab131f8) thrown at [C:\workspace\8-2-build-windows-amd64-cygwin\jdk8u65\4987\hotspot\src\share\vm\prims\jni.

Events (10 events):
Event: 17.583 Thread 0x000000005662e800 DEOPT UNPACKING pc=0x00000000028a582a sp=0x0000000056d9e8d0 mode 2
Event: 17.583 Thread 0x000000005662e800 Uncommon trap: trap_request=0xffffffc6 fr.pc=0x0000000002d3ca14
Event: 17.583 Thread 0x000000005662e800 DEOPT PACKING pc=0x0000000002d3ca14 sp=0x0000000056d9ea10
Event: 17.583 Thread 0x000000005662e800 DEOPT UNPACKING pc=0x00000000028a582a sp=0x0000000056d9e9b0 mode 2
Event: 17.583 Thread 0x000000005662e800 Uncommon trap: trap_request=0xffffffc6 fr.pc=0x0000000002d3ca14
Event: 17.583 Thread 0x000000005662e800 DEOPT PACKING pc=0x0000000002d3ca14 sp=0x0000000056d9ea10
Event: 17.583 Thread 0x000000005662e800 DEOPT UNPACKING pc=0x00000000028a582a sp=0x0000000056d9e9b0 mode 2
Event: 17.598 Thread 0x000000005662e800 Uncommon trap: trap_request=0xffffffc6 fr.pc=0x0000000002e50b50
Event: 17.599 Thread 0x000000005662e800 DEOPT PACKING pc=0x0000000002e50b50 sp=0x0000000056d9eb70
Event: 17.599 Thread 0x000000005662e800 DEOPT UNPACKING pc=0x00000000028a582a sp=0x0000000056d9eaf8 mode 2


Dynamic libraries:
0x000000013f330000 - 0x000000013f367000 	C:\Program Files\Java\jdk1.8.0_65\bin\java.exe
0x0000000076f40000 - 0x00000000770e9000 	C:\Windows\SYSTEM32\ntdll.dll
0x0000000076e20000 - 0x0000000076f3f000 	C:\Windows\system32\kernel32.dll
0x000007fefcd20000 - 0x000007fefcd8c000 	C:\Windows\system32\KERNELBASE.dll
0x000007fefd7d0000 - 0x000007fefd8ab000 	C:\Windows\system32\ADVAPI32.dll
0x000007fefd120000 - 0x000007fefd1bf000 	C:\Windows\system32\msvcrt.dll
0x000007fefd7b0000 - 0x000007fefd7cf000 	C:\Windows\SYSTEM32\sechost.dll
0x000007fefd3f0000 - 0x000007fefd51d000 	C:\Windows\system32\RPCRT4.dll
0x0000000076d20000 - 0x0000000076e1a000 	C:\Windows\system32\USER32.dll
0x000007fefeaf0000 - 0x000007fefeb57000 	C:\Windows\system32\GDI32.dll
0x000007fefec00000 - 0x000007fefec0e000 	C:\Windows\system32\LPK.dll
0x000007fefd320000 - 0x000007fefd3e9000 	C:\Windows\system32\USP10.dll
0x000007fefb4b0000 - 0x000007fefb6a4000 	C:\Windows\WinSxS\amd64_microsoft.windows.common-controls_6595b64144ccf1df_6.0.7601.18837_none_fa3b1e3d17594757\COMCTL32.dll
0x000007fefd520000 - 0x000007fefd591000 	C:\Windows\system32\SHLWAPI.dll
0x000007fefeac0000 - 0x000007fefeaee000 	C:\Windows\system32\IMM32.DLL
0x000007fefe9b0000 - 0x000007fefeab9000 	C:\Windows\system32\MSCTF.dll
0x0000000066b50000 - 0x0000000066c22000 	C:\Program Files\Java\jdk1.8.0_65\jre\bin\msvcr100.dll
0x0000000063c60000 - 0x00000000644e9000 	C:\Program Files\Java\jdk1.8.0_65\jre\bin\server\jvm.dll
0x000007fefaba0000 - 0x000007fefaba9000 	C:\Windows\system32\WSOCK32.dll
0x000007fefef30000 - 0x000007fefef7d000 	C:\Windows\system32\WS2_32.dll
0x000007fefd110000 - 0x000007fefd118000 	C:\Windows\system32\NSI.dll
0x000007fef9cb0000 - 0x000007fef9ceb000 	C:\Windows\system32\WINMM.dll
0x000007fefbdc0000 - 0x000007fefbdcc000 	C:\Windows\system32\VERSION.dll
0x0000000077110000 - 0x0000000077117000 	C:\Windows\system32\PSAPI.DLL
0x00000000710b0000 - 0x00000000710bf000 	C:\Program Files\Java\jdk1.8.0_65\jre\bin\verify.dll
0x0000000068b60000 - 0x0000000068b89000 	C:\Program Files\Java\jdk1.8.0_65\jre\bin\java.dll
0x0000000069170000 - 0x0000000069186000 	C:\Program Files\Java\jdk1.8.0_65\jre\bin\zip.dll
0x000007fefd8b0000 - 0x000007fefe639000 	C:\Windows\system32\SHELL32.dll
0x000007fefd5a0000 - 0x000007fefd7a3000 	C:\Windows\system32\ole32.dll
0x000007fefccf0000 - 0x000007fefccff000 	C:\Windows\system32\profapi.dll

VM Arguments:
jvm_args: -Djava.awt.headless=true -Xmx1024M -Dfile.encoding=windows-1251 -Duser.country=RU -Duser.language=ru -Duser.variant 
java_command: com.android.dx.command.Main --dex --num-threads=4 --output C:\Users\Minorius\AndroidStudioProjects\PR_9\app\build\intermediates\pre-dexed\debug\internal_impl-23.1.1_fbee0b27d6f3e027b2f85733e159f1182678a384.jar C:\Users\Minorius\AndroidStudioProjects\PR_9\app\build\intermediates\exploded-aar\com.android.support\support-v4\23.1.1\jars\libs\internal_impl-23.1.1.jar
java_class_path (initial): C:\Users\Minorius\AppData\Local\Android\sdk1\build-tools\23.0.2\lib\dx.jar
Launcher Type: SUN_STANDARD

Environment Variables:
PATH=C:\ProgramData\Oracle\Java\javapath;C:\Program Files (x86)\NVIDIA Corporation\PhysX\Common;C:\Windows\system32;C:\Windows;C:\Windows\System32\Wbem;C:\Windows\System32\WindowsPowerShell\v1.0\;C:\Program Files (x86)\Google\Chrome\Application;C:\ProgramData\Oracle\Java\javapath;C:\Program Files (x86)\NVIDIA Corporation\PhysX\Common;C:\Windows\system32;C:\Windows;C:\Windows\System32\Wbem;C:\Windows\System32\WindowsPowerShell\v1.0\
USERNAME=Minorius
OS=Windows_NT
PROCESSOR_IDENTIFIER=AMD64 Family 16 Model 2 Stepping 3, AuthenticAMD



---------------  S Y S T E M  ---------------

OS: Windows 7 , 64 bit Build 7601 (6.1.7601.18933)

CPU:total 2 (2 cores per cpu, 1 threads per core) family 16 model 2 stepping 3, cmov, cx8, fxsr, mmx, sse, sse2, sse3, popcnt, mmxext, 3dnowpref, lzcnt, sse4a, tsc, tscinvbit, tscinv

Memory: 4k page, physical 6289912k(1446360k free), swap 6288072k(5868k free)

vm_info: Java HotSpot(TM) 64-Bit Server VM (25.65-b01) for windows-amd64 JRE (1.8.0_65-b17), built on Oct  6 2015 16:39:20 by "java_re" with MS VC++ 10.0 (VS2010)

time: Mon Apr 11 17:36:44 2016
elapsed time: 17 seconds (0d 0h 0m 17s)

