#
# There is insufficient memory for the Java Runtime Environment to continue.
# Native memory allocation (malloc) failed to allocate 1497456 bytes for Chunk::new
# Possible reasons:
#   The system is out of physical RAM or swap space
#   In 32 bit mode, the process size limit was hit
# Possible solutions:
#   Reduce memory load on the system
#   Increase physical memory or swap space
#   Check if swap backing store is full
#   Use 64 bit Java on a 64 bit OS
#   Decrease Java heap size (-Xmx/-Xms)
#   Decrease number of Java threads
#   Decrease Java thread stack sizes (-Xss)
#   Set larger code cache with -XX:ReservedCodeCacheSize=
# This output file may be truncated or incomplete.
#
#  Out of Memory Error (allocation.cpp:390), pid=2068, tid=5232
#
# JRE version: Java(TM) SE Runtime Environment (8.0_65-b17) (build 1.8.0_65-b17)
# Java VM: Java HotSpot(TM) 64-Bit Server VM (25.65-b01 mixed mode windows-amd64 compressed oops)
# Failed to write core dump. Minidumps are not enabled by default on client versions of Windows
#

---------------  T H R E A D  ---------------

Current thread (0x0000000054ed8800):  JavaThread "C2 CompilerThread0" daemon [_thread_in_native, id=5232, stack(0x0000000056080000,0x0000000056180000)]

Stack: [0x0000000056080000,0x0000000056180000]
[error occurred during error reporting (printing stack bounds), id 0xc0000005]

Native frames: (J=compiled Java code, j=interpreted, Vv=VM code, C=native code)


Current CompileTask:
C2:  19585 2243   !   4       com.android.dx.cf.code.Ropper::processBlock (1101 bytes)


---------------  P R O C E S S  ---------------

Java Threads: ( => current thread )
  0x00000000566b3000 JavaThread "pool-1-thread-4" [_thread_blocked, id=3208, stack(0x0000000057330000,0x0000000057430000)]
  0x00000000566b2800 JavaThread "pool-1-thread-3" [_thread_blocked, id=4764, stack(0x0000000057180000,0x0000000057280000)]
  0x00000000566ad800 JavaThread "pool-1-thread-2" [_thread_blocked, id=2964, stack(0x0000000056f90000,0x0000000057090000)]
  0x00000000565e8000 JavaThread "pool-2-thread-1" [_thread_blocked, id=3040, stack(0x0000000056ba0000,0x0000000056ca0000)]
  0x00000000565e6000 JavaThread "pool-1-thread-1" [_thread_blocked, id=5964, stack(0x0000000056cd0000,0x0000000056dd0000)]
  0x00000000563ab000 JavaThread "Service Thread" daemon [_thread_blocked, id=5296, stack(0x0000000056860000,0x0000000056960000)]
  0x0000000054ee0800 JavaThread "C1 CompilerThread1" daemon [_thread_blocked, id=6092, stack(0x0000000056280000,0x0000000056380000)]
=>0x0000000054ed8800 JavaThread "C2 CompilerThread0" daemon [_thread_in_native, id=5232, stack(0x0000000056080000,0x0000000056180000)]
  0x0000000054ed6800 JavaThread "Attach Listener" daemon [_thread_blocked, id=5988, stack(0x0000000055eb0000,0x0000000055fb0000)]
  0x0000000054ed5000 JavaThread "Signal Dispatcher" daemon [_thread_blocked, id=5444, stack(0x0000000055cb0000,0x0000000055db0000)]
  0x0000000054e76800 JavaThread "Finalizer" daemon [_thread_blocked, id=4620, stack(0x0000000055ba0000,0x0000000055ca0000)]
  0x0000000054e73000 JavaThread "Reference Handler" daemon [_thread_blocked, id=3848, stack(0x0000000055a40000,0x0000000055b40000)]
  0x000000000229e000 JavaThread "main" [_thread_blocked, id=4816, stack(0x00000000024b0000,0x00000000025b0000)]

Other Threads:
  0x0000000054e6d000 VMThread [stack: 0x0000000055940000,0x0000000055a40000] [id=5076]
  0x00000000563b1800 WatcherThread [stack: 0x0000000056a20000,0x0000000056b20000] [id=4868]

VM state:not at safepoint (normal execution)

VM Mutex/Monitor currently owned by a thread: None

Heap:
 PSYoungGen      total 102400K, used 62046K [0x00000000eab00000, 0x00000000f1300000, 0x0000000100000000)
  eden space 98304K, 58% used [0x00000000eab00000,0x00000000ee398668,0x00000000f0b00000)
  from space 4096K, 99% used [0x00000000f0b00000,0x00000000f0eff2d0,0x00000000f0f00000)
  to   space 4096K, 0% used [0x00000000f0f00000,0x00000000f0f00000,0x00000000f1300000)
 ParOldGen       total 65536K, used 32084K [0x00000000c0000000, 0x00000000c4000000, 0x00000000eab00000)
  object space 65536K, 48% used [0x00000000c0000000,0x00000000c1f55218,0x00000000c4000000)
 Metaspace       used 6524K, capacity 7256K, committed 7424K, reserved 1056768K
  class space    used 624K, capacity 656K, committed 768K, reserved 1048576K

Card table byte_map: [0x0000000011c40000,0x0000000011e50000] byte_map_base: 0x0000000011640000

Marking Bits: (ParMarkBitMap*) 0x0000000060f9a5b0
 Begin Bits: [0x0000000012340000, 0x0000000013340000)
 End Bits:   [0x0000000013340000, 0x0000000014340000)

Polling page: 0x0000000000140000

CodeCache: size=245760Kb used=10776Kb max_used=10823Kb free=234983Kb
 bounds [0x0000000002880000, 0x0000000003320000, 0x0000000011880000]
 total_blobs=2454 nmethods=2185 adapters=182
 compilation: enabled

Compilation events (10 events):
Event: 18.754 Thread 0x0000000054ee0800 2247       1       java.lang.CharacterDataLatin1::getProperties (11 bytes)
Event: 18.754 Thread 0x0000000054ee0800 nmethod 2247 0x00000000032c51d0 code [0x00000000032c5320, 0x00000000032c5470]
Event: 18.755 Thread 0x0000000054ee0800 2248       2       com.android.dx.rop.code.RegisterSpec$ForComparison::hashCode (16 bytes)
Event: 18.755 Thread 0x0000000054ee0800 nmethod 2248 0x00000000032f6210 code [0x00000000032f6380, 0x00000000032f6558]
Event: 18.755 Thread 0x0000000054ee0800 2250   !   2       com.android.dx.rop.code.RegisterSpec::intern (70 bytes)
Event: 18.756 Thread 0x0000000054ee0800 nmethod 2250 0x00000000032f6690 code [0x00000000032f6840, 0x00000000032f6d88]
Event: 18.756 Thread 0x0000000054ee0800 2249       2       com.android.dx.rop.code.RegisterSpec::access$600 (7 bytes)
Event: 18.756 Thread 0x0000000054ee0800 nmethod 2249 0x00000000032f7210 code [0x00000000032f7380, 0x00000000032f7538]
Event: 19.191 Thread 0x0000000054ed8800 nmethod 2219 0x0000000003302fd0 code [0x00000000033048c0, 0x000000000330e338]
Event: 19.191 Thread 0x0000000054ed8800 2243   !   4       com.android.dx.cf.code.Ropper::processBlock (1101 bytes)

GC Heap History (10 events):
Event: 0.889 GC heap before
{Heap before GC invocations=1 (full 0):
 PSYoungGen      total 28672K, used 24576K [0x00000000eab00000, 0x00000000ecb00000, 0x0000000100000000)
  eden space 24576K, 100% used [0x00000000eab00000,0x00000000ec300000,0x00000000ec300000)
  from space 4096K, 0% used [0x00000000ec700000,0x00000000ec700000,0x00000000ecb00000)
  to   space 4096K, 0% used [0x00000000ec300000,0x00000000ec300000,0x00000000ec700000)
 ParOldGen       total 65536K, used 0K [0x00000000c0000000, 0x00000000c4000000, 0x00000000eab00000)
  object space 65536K, 0% used [0x00000000c0000000,0x00000000c0000000,0x00000000c4000000)
 Metaspace       used 5619K, capacity 6512K, committed 6784K, reserved 1056768K
  class space    used 597K, capacity 616K, committed 640K, reserved 1048576K
Event: 0.993 GC heap after
Heap after GC invocations=1 (full 0):
 PSYoungGen      total 28672K, used 3533K [0x00000000eab00000, 0x00000000ee300000, 0x0000000100000000)
  eden space 24576K, 0% used [0x00000000eab00000,0x00000000eab00000,0x00000000ec300000)
  from space 4096K, 86% used [0x00000000ec300000,0x00000000ec6736b0,0x00000000ec700000)
  to   space 4096K, 0% used [0x00000000edf00000,0x00000000edf00000,0x00000000ee300000)
 ParOldGen       total 65536K, used 0K [0x00000000c0000000, 0x00000000c4000000, 0x00000000eab00000)
  object space 65536K, 0% used [0x00000000c0000000,0x00000000c0000000,0x00000000c4000000)
 Metaspace       used 5619K, capacity 6512K, committed 6784K, reserved 1056768K
  class space    used 597K, capacity 616K, committed 640K, reserved 1048576K
}
Event: 3.253 GC heap before
{Heap before GC invocations=2 (full 0):
 PSYoungGen      total 28672K, used 28109K [0x00000000eab00000, 0x00000000ee300000, 0x0000000100000000)
  eden space 24576K, 100% used [0x00000000eab00000,0x00000000ec300000,0x00000000ec300000)
  from space 4096K, 86% used [0x00000000ec300000,0x00000000ec6736b0,0x00000000ec700000)
  to   space 4096K, 0% used [0x00000000edf00000,0x00000000edf00000,0x00000000ee300000)
 ParOldGen       total 65536K, used 0K [0x00000000c0000000, 0x00000000c4000000, 0x00000000eab00000)
  object space 65536K, 0% used [0x00000000c0000000,0x00000000c0000000,0x00000000c4000000)
 Metaspace       used 6126K, capacity 7024K, committed 7296K, reserved 1056768K
  class space    used 600K, capacity 616K, committed 640K, reserved 1048576K
Event: 3.328 GC heap after
Heap after GC invocations=2 (full 0):
 PSYoungGen      total 53248K, used 4086K [0x00000000eab00000, 0x00000000ee300000, 0x0000000100000000)
  eden space 49152K, 0% used [0x00000000eab00000,0x00000000eab00000,0x00000000edb00000)
  from space 4096K, 99% used [0x00000000edf00000,0x00000000ee2fd990,0x00000000ee300000)
  to   space 4096K, 0% used [0x00000000edb00000,0x00000000edb00000,0x00000000edf00000)
 ParOldGen       total 65536K, used 1320K [0x00000000c0000000, 0x00000000c4000000, 0x00000000eab00000)
  object space 65536K, 2% used [0x00000000c0000000,0x00000000c014a200,0x00000000c4000000)
 Metaspace       used 6126K, capacity 7024K, committed 7296K, reserved 1056768K
  class space    used 600K, capacity 616K, committed 640K, reserved 1048576K
}
Event: 6.942 GC heap before
{Heap before GC invocations=3 (full 0):
 PSYoungGen      total 53248K, used 53238K [0x00000000eab00000, 0x00000000ee300000, 0x0000000100000000)
  eden space 49152K, 100% used [0x00000000eab00000,0x00000000edb00000,0x00000000edb00000)
  from space 4096K, 99% used [0x00000000edf00000,0x00000000ee2fd990,0x00000000ee300000)
  to   space 4096K, 0% used [0x00000000edb00000,0x00000000edb00000,0x00000000edf00000)
 ParOldGen       total 65536K, used 1320K [0x00000000c0000000, 0x00000000c4000000, 0x00000000eab00000)
  object space 65536K, 2% used [0x00000000c0000000,0x00000000c014a200,0x00000000c4000000)
 Metaspace       used 6235K, capacity 7088K, committed 7296K, reserved 1056768K
  class space    used 602K, capacity 616K, committed 640K, reserved 1048576K
Event: 7.131 GC heap after
Heap after GC invocations=3 (full 0):
 PSYoungGen      total 53248K, used 4065K [0x00000000eab00000, 0x00000000f1300000, 0x0000000100000000)
  eden space 49152K, 0% used [0x00000000eab00000,0x00000000eab00000,0x00000000edb00000)
  from space 4096K, 99% used [0x00000000edb00000,0x00000000edef84f0,0x00000000edf00000)
  to   space 4096K, 0% used [0x00000000f0f00000,0x00000000f0f00000,0x00000000f1300000)
 ParOldGen       total 65536K, used 8071K [0x00000000c0000000, 0x00000000c4000000, 0x00000000eab00000)
  object space 65536K, 12% used [0x00000000c0000000,0x00000000c07e1c90,0x00000000c4000000)
 Metaspace       used 6235K, capacity 7088K, committed 7296K, reserved 1056768K
  class space    used 602K, capacity 616K, committed 640K, reserved 1048576K
}
Event: 8.592 GC heap before
{Heap before GC invocations=4 (full 0):
 PSYoungGen      total 53248K, used 53217K [0x00000000eab00000, 0x00000000f1300000, 0x0000000100000000)
  eden space 49152K, 100% used [0x00000000eab00000,0x00000000edb00000,0x00000000edb00000)
  from space 4096K, 99% used [0x00000000edb00000,0x00000000edef84f0,0x00000000edf00000)
  to   space 4096K, 0% used [0x00000000f0f00000,0x00000000f0f00000,0x00000000f1300000)
 ParOldGen       total 65536K, used 8071K [0x00000000c0000000, 0x00000000c4000000, 0x00000000eab00000)
  object space 65536K, 12% used [0x00000000c0000000,0x00000000c07e1c90,0x00000000c4000000)
 Metaspace       used 6298K, capacity 7152K, committed 7296K, reserved 1056768K
  class space    used 603K, capacity 616K, committed 640K, reserved 1048576K
Event: 8.710 GC heap after
Heap after GC invocations=4 (full 0):
 PSYoungGen      total 102400K, used 4094K [0x00000000eab00000, 0x00000000f1300000, 0x0000000100000000)
  eden space 98304K, 0% used [0x00000000eab00000,0x00000000eab00000,0x00000000f0b00000)
  from space 4096K, 99% used [0x00000000f0f00000,0x00000000f12ff8a0,0x00000000f1300000)
  to   space 4096K, 0% used [0x00000000f0b00000,0x00000000f0b00000,0x00000000f0f00000)
 ParOldGen       total 65536K, used 16295K [0x00000000c0000000, 0x00000000c4000000, 0x00000000eab00000)
  object space 65536K, 24% used [0x00000000c0000000,0x00000000c0fe9ee0,0x00000000c4000000)
 Metaspace       used 6298K, capacity 7152K, committed 7296K, reserved 1056768K
  class space    used 603K, capacity 616K, committed 640K, reserved 1048576K
}
Event: 17.342 GC heap before
{Heap before GC invocations=5 (full 0):
 PSYoungGen      total 102400K, used 102398K [0x00000000eab00000, 0x00000000f1300000, 0x0000000100000000)
  eden space 98304K, 100% used [0x00000000eab00000,0x00000000f0b00000,0x00000000f0b00000)
  from space 4096K, 99% used [0x00000000f0f00000,0x00000000f12ff8a0,0x00000000f1300000)
  to   space 4096K, 0% used [0x00000000f0b00000,0x00000000f0b00000,0x00000000f0f00000)
 ParOldGen       total 65536K, used 16295K [0x00000000c0000000, 0x00000000c4000000, 0x00000000eab00000)
  object space 65536K, 24% used [0x00000000c0000000,0x00000000c0fe9ee0,0x00000000c4000000)
 Metaspace       used 6419K, capacity 7216K, committed 7296K, reserved 1056768K
  class space    used 604K, capacity 616K, committed 640K, reserved 1048576K
Event: 17.453 GC heap after
Heap after GC invocations=5 (full 0):
 PSYoungGen      total 102400K, used 4092K [0x00000000eab00000, 0x00000000f1300000, 0x0000000100000000)
  eden space 98304K, 0% used [0x00000000eab00000,0x00000000eab00000,0x00000000f0b00000)
  from space 4096K, 99% used [0x00000000f0b00000,0x00000000f0eff2d0,0x00000000f0f00000)
  to   space 4096K, 0% used [0x00000000f0f00000,0x00000000f0f00000,0x00000000f1300000)
 ParOldGen       total 65536K, used 32084K [0x00000000c0000000, 0x00000000c4000000, 0x00000000eab00000)
  object space 65536K, 48% used [0x00000000c0000000,0x00000000c1f55218,0x00000000c4000000)
 Metaspace       used 6419K, capacity 7216K, committed 7296K, reserved 1056768K
  class space    used 604K, capacity 616K, committed 640K, reserved 1048576K
}

Deoptimization events (10 events):
Event: 18.549 Thread 0x00000000565e6000 Uncommon trap: reason=unstable_if action=reinterpret pc=0x0000000002d9a5f0 method=com.android.dx.ssa.MoveParamCombiner$1.visitNonMoveInsn(Lcom/android/dx/ssa/NormalSsaInsn;)V @ 27
Event: 18.551 Thread 0x00000000565e6000 Uncommon trap: reason=class_check action=maybe_recompile pc=0x0000000003115e18 method=com.android.dx.cf.code.Ropper.processBlock(Lcom/android/dx/cf/code/ByteBlock;Lcom/android/dx/cf/code/Frame;[I)V @ 711
Event: 18.551 Thread 0x00000000565e6000 Uncommon trap: reason=class_check action=maybe_recompile pc=0x0000000003115e18 method=com.android.dx.cf.code.Ropper.processBlock(Lcom/android/dx/cf/code/ByteBlock;Lcom/android/dx/cf/code/Frame;[I)V @ 711
Event: 18.552 Thread 0x00000000565e6000 Uncommon trap: reason=class_check action=maybe_recompile pc=0x0000000003115e18 method=com.android.dx.cf.code.Ropper.processBlock(Lcom/android/dx/cf/code/ByteBlock;Lcom/android/dx/cf/code/Frame;[I)V @ 711
Event: 18.552 Thread 0x00000000565e6000 Uncommon trap: reason=class_check action=maybe_recompile pc=0x0000000003115e18 method=com.android.dx.cf.code.Ropper.processBlock(Lcom/android/dx/cf/code/ByteBlock;Lcom/android/dx/cf/code/Frame;[I)V @ 711
Event: 18.667 Thread 0x00000000566b3000 Uncommon trap: reason=unstable_if action=reinterpret pc=0x0000000003239cd4 method=com.android.dx.ssa.SCCP.simulateStmt(Lcom/android/dx/ssa/SsaInsn;)V @ 59
Event: 18.667 Thread 0x00000000566b3000 Uncommon trap: reason=bimorphic action=maybe_recompile pc=0x00000000030f83e8 method=com.android.dx.ssa.LiteralOpUpgrader.tryReplacingWithConstant(Lcom/android/dx/ssa/NormalSsaInsn;)Z @ 62
Event: 18.667 Thread 0x00000000566b3000 Uncommon trap: reason=unstable_if action=reinterpret pc=0x00000000031f9f48 method=com.android.dx.ssa.LiteralOpUpgrader$1.visitNonMoveInsn(Lcom/android/dx/ssa/NormalSsaInsn;)V @ 24
Event: 18.670 Thread 0x00000000566b3000 Uncommon trap: reason=bimorphic action=maybe_recompile pc=0x00000000030f83e8 method=com.android.dx.ssa.LiteralOpUpgrader.tryReplacingWithConstant(Lcom/android/dx/ssa/NormalSsaInsn;)Z @ 62
Event: 18.752 Thread 0x00000000565e6000 Uncommon trap: reason=unstable_if action=reinterpret pc=0x0000000002db7658 method=java.util.HashMap.putVal(ILjava/lang/Object;Ljava/lang/Object;ZZ)Ljava/lang/Object; @ 162

Internal exceptions (8 events):
Event: 0.051 Thread 0x000000000229e000 Exception <a 'java/lang/NoSuchMethodError': Method sun.misc.Unsafe.defineClass(Ljava/lang/String;[BII)Ljava/lang/Class; name or signature does not match> (0x00000000eab130b0) thrown at [C:\workspace\8-2-build-windows-amd64-cygwin\jdk8u65\4987\hotspot\src\sO®5†™Mª?
Event: 0.051 Thread 0x000000000229e000 Exception <a 'java/lang/NoSuchMethodError': Method sun.misc.Unsafe.prefetchRead(Ljava/lang/Object;J)V name or signature does not match> (0x00000000eab13398) thrown at [C:\workspace\8-2-build-windows-amd64-cygwin\jdk8u65\4987\hotspot\src\share\vm\prims\jni.Ê)6­u˜@
Event: 2.699 Thread 0x00000000566b3000 Implicit null exception at 0x0000000002d65bd2 to 0x0000000002d67a5d
Event: 2.924 Thread 0x00000000566b3000 Implicit null exception at 0x0000000002c4a252 to 0x0000000002c4a301
Event: 16.565 Thread 0x00000000566ad800 Implicit null exception at 0x0000000002d9eae8 to 0x0000000002d9fd71
Event: 18.753 Thread 0x00000000565e6000 Exception <a 'java/lang/ArrayIndexOutOfBoundsException': 18> (0x00000000ee152e90) thrown at [C:\workspace\8-2-build-windows-amd64-cygwin\jdk8u65\4987\hotspot\src\share\vm\interpreter\interpreterRuntime.cpp, line 366]
Event: 18.753 Thread 0x00000000565e6000 Exception <a 'java/lang/ArrayIndexOutOfBoundsException': 145> (0x00000000ee154a10) thrown at [C:\workspace\8-2-build-windows-amd64-cygwin\jdk8u65\4987\hotspot\src\share\vm\interpreter\interpreterRuntime.cpp, line 366]
Event: 18.754 Thread 0x00000000565e6000 Exception <a 'java/lang/ArrayIndexOutOfBoundsException'> (0x00000000ee155cf8) thrown at [C:\workspace\8-2-build-windows-amd64-cygwin\jdk8u65\4987\hotspot\src\share\vm\runtime\sharedRuntime.cpp, line 605]

Events (10 events):
Event: 18.754 loading class sun/reflect/generics/reflectiveObjects/ParameterizedTypeImpl
Event: 18.754 loading class java/lang/reflect/ParameterizedType
Event: 18.754 loading class java/lang/reflect/ParameterizedType done
Event: 18.754 loading class sun/reflect/generics/reflectiveObjects/ParameterizedTypeImpl done
Event: 18.754 loading class java/lang/reflect/TypeVariable
Event: 18.754 loading class java/lang/reflect/TypeVariable done
Event: 18.754 loading class sun/reflect/generics/reflectiveObjects/TypeVariableImpl
Event: 18.754 loading class sun/reflect/generics/reflectiveObjects/LazyReflectiveObjectGenerator
Event: 18.754 loading class sun/reflect/generics/reflectiveObjects/LazyReflectiveObjectGenerator done
Event: 18.754 loading class sun/reflect/generics/reflectiveObjects/TypeVariableImpl done


Dynamic libraries:
0x000000013f320000 - 0x000000013f357000 	C:\Program Files\Java\jdk1.8.0_65\bin\java.exe
0x0000000077a70000 - 0x0000000077c19000 	C:\Windows\SYSTEM32\ntdll.dll
0x0000000077850000 - 0x000000007796f000 	C:\Windows\system32\kernel32.dll
0x000007fefd9b0000 - 0x000007fefda1c000 	C:\Windows\system32\KERNELBASE.dll
0x000007fefea50000 - 0x000007fefeb2b000 	C:\Windows\system32\ADVAPI32.dll
0x000007feffb40000 - 0x000007feffbdf000 	C:\Windows\system32\msvcrt.dll
0x000007fefdef0000 - 0x000007fefdf0f000 	C:\Windows\SYSTEM32\sechost.dll
0x000007feffc50000 - 0x000007feffd7d000 	C:\Windows\system32\RPCRT4.dll
0x0000000077970000 - 0x0000000077a6a000 	C:\Windows\system32\USER32.dll
0x000007feffbe0000 - 0x000007feffc47000 	C:\Windows\system32\GDI32.dll
0x000007fefdbe0000 - 0x000007fefdbee000 	C:\Windows\system32\LPK.dll
0x000007fefec40000 - 0x000007fefed09000 	C:\Windows\system32\USP10.dll
0x000007fefc230000 - 0x000007fefc424000 	C:\Windows\WinSxS\amd64_microsoft.windows.common-controls_6595b64144ccf1df_6.0.7601.18837_none_fa3b1e3d17594757\COMCTL32.dll
0x000007fefdf60000 - 0x000007fefdfd1000 	C:\Windows\system32\SHLWAPI.dll
0x000007fefe680000 - 0x000007fefe6ae000 	C:\Windows\system32\IMM32.DLL
0x000007fefeb30000 - 0x000007fefec39000 	C:\Windows\system32\MSCTF.dll
0x0000000068a10000 - 0x0000000068ae2000 	C:\Program Files\Java\jdk1.8.0_65\jre\bin\msvcr100.dll
0x0000000060790000 - 0x0000000061019000 	C:\Program Files\Java\jdk1.8.0_65\jre\bin\server\jvm.dll
0x000007fefbb00000 - 0x000007fefbb09000 	C:\Windows\system32\WSOCK32.dll
0x000007fefdf10000 - 0x000007fefdf5d000 	C:\Windows\system32\WS2_32.dll
0x000007fefe220000 - 0x000007fefe228000 	C:\Windows\system32\NSI.dll
0x000007fefa7d0000 - 0x000007fefa80b000 	C:\Windows\system32\WINMM.dll
0x000007fefc8f0000 - 0x000007fefc8fc000 	C:\Windows\system32\VERSION.dll
0x0000000077c40000 - 0x0000000077c47000 	C:\Windows\system32\PSAPI.DLL
0x0000000073b70000 - 0x0000000073b7f000 	C:\Program Files\Java\jdk1.8.0_65\jre\bin\verify.dll
0x0000000073610000 - 0x0000000073639000 	C:\Program Files\Java\jdk1.8.0_65\jre\bin\java.dll
0x00000000739e0000 - 0x00000000739f6000 	C:\Program Files\Java\jdk1.8.0_65\jre\bin\zip.dll
0x000007fefed10000 - 0x000007feffa99000 	C:\Windows\system32\SHELL32.dll
0x000007fefe840000 - 0x000007fefea43000 	C:\Windows\system32\ole32.dll
0x000007fefd820000 - 0x000007fefd82f000 	C:\Windows\system32\profapi.dll

VM Arguments:
jvm_args: -Djava.awt.headless=true -Xmx1024M -Dfile.encoding=windows-1251 -Duser.country=RU -Duser.language=ru -Duser.variant 
java_command: com.android.dx.command.Main --dex --num-threads=4 --output C:\Users\Minorius\AndroidStudioProjects\PR_9\app\build\intermediates\pre-dexed\debug\com.android.support-support-v4-23.1.1_733548fc5707db8423d3fd13236f811d82a2b821.jar C:\Users\Minorius\AndroidStudioProjects\PR_9\app\build\intermediates\exploded-aar\com.android.support\support-v4\23.1.1\jars\classes.jar
java_class_path (initial): C:\Users\Minorius\AppData\Local\Android\sdk1\build-tools\23.0.2\lib\dx.jar
Launcher Type: SUN_STANDARD

Environment Variables:
PATH=C:\ProgramData\Oracle\Java\javapath;C:\Program Files (x86)\NVIDIA Corporation\PhysX\Common;C:\Windows\system32;C:\Windows;C:\Windows\System32\Wbem;C:\Windows\System32\WindowsPowerShell\v1.0\;C:\Program Files (x86)\Google\Chrome\Application;C:\ProgramData\Oracle\Java\javapath;C:\Program Files (x86)\NVIDIA Corporation\PhysX\Common;C:\Windows\system32;C:\Windows;C:\Windows\System32\Wbem;C:\Windows\System32\WindowsPowerShell\v1.0\
USERNAME=Minorius
OS=Windows_NT
PROCESSOR_IDENTIFIER=AMD64 Family 16 Model 2 Stepping 3, AuthenticAMD



---------------  S Y S T E M  ---------------

OS: Windows 7 , 64 bit Build 7601 (6.1.7601.18933)

CPU:total 2 (2 cores per cpu, 1 threads per core) family 16 model 2 stepping 3, cmov, cx8, fxsr, mmx, sse, sse2, sse3, popcnt, mmxext, 3dnowpref, lzcnt, sse4a, tsc, tscinvbit, tscinv

Memory: 4k page, physical 6289912k(1332836k free), swap 6288072k(5944k free)

vm_info: Java HotSpot(TM) 64-Bit Server VM (25.65-b01) for windows-amd64 JRE (1.8.0_65-b17), built on Oct  6 2015 16:39:20 by "java_re" with MS VC++ 10.0 (VS2010)

time: Mon Mar 21 14:11:47 2016
elapsed time: 19 seconds (0d 0h 0m 19s)

