#
# There is insufficient memory for the Java Runtime Environment to continue.
# Native memory allocation (malloc) failed to allocate 723856 bytes for Chunk::new
# Possible reasons:
#   The system is out of physical RAM or swap space
#   In 32 bit mode, the process size limit was hit
# Possible solutions:
#   Reduce memory load on the system
#   Increase physical memory or swap space
#   Check if swap backing store is full
#   Use 64 bit Java on a 64 bit OS
#   Decrease Java heap size (-Xmx/-Xms)
#   Decrease number of Java threads
#   Decrease Java thread stack sizes (-Xss)
#   Set larger code cache with -XX:ReservedCodeCacheSize=
# This output file may be truncated or incomplete.
#
#  Out of Memory Error (allocation.cpp:390), pid=1752, tid=172
#
# JRE version: Java(TM) SE Runtime Environment (8.0_65-b17) (build 1.8.0_65-b17)
# Java VM: Java HotSpot(TM) 64-Bit Server VM (25.65-b01 mixed mode windows-amd64 compressed oops)
# Failed to write core dump. Minidumps are not enabled by default on client versions of Windows
#

---------------  T H R E A D  ---------------

Current thread (0x0000000054f08800):  JavaThread "C2 CompilerThread0" daemon [_thread_in_native, id=172, stack(0x0000000056230000,0x0000000056330000)]

Stack: [0x0000000056230000,0x0000000056330000]
[error occurred during error reporting (printing stack bounds), id 0xc0000005]

Native frames: (J=compiled Java code, j=interpreted, Vv=VM code, C=native code)


Current CompileTask:
C2:   5508 1449       4       com.android.dx.ssa.SCCP::simulateBlock (54 bytes)


---------------  P R O C E S S  ---------------

Java Threads: ( => current thread )
  0x000000005693d800 JavaThread "pool-1-thread-4" [_thread_blocked, id=3616, stack(0x0000000056e50000,0x0000000056f50000)]
  0x00000000568b8000 JavaThread "pool-1-thread-3" [_thread_blocked, id=784, stack(0x0000000056ae0000,0x0000000056be0000)]
  0x00000000568e7000 JavaThread "pool-1-thread-2" [_thread_blocked, id=3880, stack(0x0000000055fd0000,0x00000000560d0000)]
  0x00000000568e6800 JavaThread "pool-2-thread-1" [_thread_blocked, id=2360, stack(0x0000000056c40000,0x0000000056d40000)]
  0x00000000568e3000 JavaThread "pool-1-thread-1" [_thread_blocked, id=5824, stack(0x00000000559f0000,0x0000000055af0000)]
  0x0000000054f19000 JavaThread "Service Thread" daemon [_thread_blocked, id=6000, stack(0x00000000565a0000,0x00000000566a0000)]
  0x0000000054f0f000 JavaThread "C1 CompilerThread1" daemon [_thread_blocked, id=5664, stack(0x00000000563e0000,0x00000000564e0000)]
=>0x0000000054f08800 JavaThread "C2 CompilerThread0" daemon [_thread_in_native, id=172, stack(0x0000000056230000,0x0000000056330000)]
  0x0000000054f07000 JavaThread "Attach Listener" daemon [_thread_blocked, id=4180, stack(0x00000000560d0000,0x00000000561d0000)]
  0x0000000054f05800 JavaThread "Signal Dispatcher" daemon [_thread_blocked, id=3160, stack(0x0000000055ed0000,0x0000000055fd0000)]
  0x0000000054eac000 JavaThread "Finalizer" daemon [_thread_blocked, id=5216, stack(0x0000000055d50000,0x0000000055e50000)]
  0x0000000054ea5000 JavaThread "Reference Handler" daemon [_thread_blocked, id=3164, stack(0x0000000055b00000,0x0000000055c00000)]
  0x000000000047e000 JavaThread "main" [_thread_blocked, id=5924, stack(0x0000000002440000,0x0000000002540000)]

Other Threads:
  0x0000000054e9d000 VMThread [stack: 0x00000000558c0000,0x00000000559c0000] [id=3556]
  0x00000000566c4800 WatcherThread [stack: 0x0000000055c50000,0x0000000055d50000] [id=3840]

VM state:not at safepoint (normal execution)

VM Mutex/Monitor currently owned by a thread: None

Heap:
 PSYoungGen      total 53248K, used 7208K [0x00000000eab00000, 0x00000000ee300000, 0x0000000100000000)
  eden space 49152K, 6% used [0x00000000eab00000,0x00000000eae10440,0x00000000edb00000)
  from space 4096K, 99% used [0x00000000edf00000,0x00000000ee2f9d00,0x00000000ee300000)
  to   space 4096K, 0% used [0x00000000edb00000,0x00000000edb00000,0x00000000edf00000)
 ParOldGen       total 65536K, used 2716K [0x00000000c0000000, 0x00000000c4000000, 0x00000000eab00000)
  object space 65536K, 4% used [0x00000000c0000000,0x00000000c02a73a0,0x00000000c4000000)
 Metaspace       used 6135K, capacity 7024K, committed 7296K, reserved 1056768K
  class space    used 599K, capacity 616K, committed 640K, reserved 1048576K

Card table byte_map: [0x0000000011bd0000,0x0000000011de0000] byte_map_base: 0x00000000115d0000

Marking Bits: (ParMarkBitMap*) 0x0000000060f9a5b0
 Begin Bits: [0x0000000012370000, 0x0000000013370000)
 End Bits:   [0x0000000013370000, 0x0000000014370000)

Polling page: 0x0000000000330000

CodeCache: size=245760Kb used=6173Kb max_used=6215Kb free=239586Kb
 bounds [0x0000000002810000, 0x0000000002e30000, 0x0000000011810000]
 total_blobs=1746 nmethods=1478 adapters=182
 compilation: enabled

Compilation events (10 events):
Event: 4.838 Thread 0x0000000054f0f000 1480       3       com.android.dx.util.LabeledList::removeLabel (10 bytes)
Event: 4.838 Thread 0x0000000054f0f000 nmethod 1480 0x0000000002dac650 code [0x0000000002dac7c0, 0x0000000002dac9e8]
Event: 4.872 Thread 0x0000000054f0f000 1481       3       java.util.concurrent.locks.LockSupport::park (23 bytes)
Event: 4.873 Thread 0x0000000054f0f000 nmethod 1481 0x0000000002e01f90 code [0x0000000002e02100, 0x0000000002e02448]
Event: 4.874 Thread 0x0000000054f0f000 1483       3       java.util.concurrent.locks.AbstractQueuedSynchronizer::shouldParkAfterFailedAcquire (50 bytes)
Event: 4.875 Thread 0x0000000054f0f000 nmethod 1483 0x0000000002e028d0 code [0x0000000002e02a40, 0x0000000002e02d70]
Event: 4.875 Thread 0x0000000054f0f000 1484       3       java.util.concurrent.locks.LockSupport::unpark (12 bytes)
Event: 4.875 Thread 0x0000000054f0f000 nmethod 1484 0x0000000002e02f10 code [0x0000000002e03080, 0x0000000002e032a8]
Event: 5.282 Thread 0x0000000054f08800 nmethod 1446 0x0000000002e0d990 code [0x0000000002e0e340, 0x0000000002e17950]
Event: 5.282 Thread 0x0000000054f08800 1449       4       com.android.dx.ssa.SCCP::simulateBlock (54 bytes)

GC Heap History (4 events):
Event: 1.981 GC heap before
{Heap before GC invocations=1 (full 0):
 PSYoungGen      total 28672K, used 24576K [0x00000000eab00000, 0x00000000ecb00000, 0x0000000100000000)
  eden space 24576K, 100% used [0x00000000eab00000,0x00000000ec300000,0x00000000ec300000)
  from space 4096K, 0% used [0x00000000ec700000,0x00000000ec700000,0x00000000ecb00000)
  to   space 4096K, 0% used [0x00000000ec300000,0x00000000ec300000,0x00000000ec700000)
 ParOldGen       total 65536K, used 0K [0x00000000c0000000, 0x00000000c4000000, 0x00000000eab00000)
  object space 65536K, 0% used [0x00000000c0000000,0x00000000c0000000,0x00000000c4000000)
 Metaspace       used 5832K, capacity 6768K, committed 7040K, reserved 1056768K
  class space    used 595K, capacity 616K, committed 640K, reserved 1048576K
Event: 2.153 GC heap after
Heap after GC invocations=1 (full 0):
 PSYoungGen      total 28672K, used 4080K [0x00000000eab00000, 0x00000000ee300000, 0x0000000100000000)
  eden space 24576K, 0% used [0x00000000eab00000,0x00000000eab00000,0x00000000ec300000)
  from space 4096K, 99% used [0x00000000ec300000,0x00000000ec6fc048,0x00000000ec700000)
  to   space 4096K, 0% used [0x00000000edf00000,0x00000000edf00000,0x00000000ee300000)
 ParOldGen       total 65536K, used 264K [0x00000000c0000000, 0x00000000c4000000, 0x00000000eab00000)
  object space 65536K, 0% used [0x00000000c0000000,0x00000000c00421c8,0x00000000c4000000)
 Metaspace       used 5832K, capacity 6768K, committed 7040K, reserved 1056768K
  class space    used 595K, capacity 616K, committed 640K, reserved 1048576K
}
Event: 4.640 GC heap before
{Heap before GC invocations=2 (full 0):
 PSYoungGen      total 28672K, used 28656K [0x00000000eab00000, 0x00000000ee300000, 0x0000000100000000)
  eden space 24576K, 100% used [0x00000000eab00000,0x00000000ec300000,0x00000000ec300000)
  from space 4096K, 99% used [0x00000000ec300000,0x00000000ec6fc048,0x00000000ec700000)
  to   space 4096K, 0% used [0x00000000edf00000,0x00000000edf00000,0x00000000ee300000)
 ParOldGen       total 65536K, used 264K [0x00000000c0000000, 0x00000000c4000000, 0x00000000eab00000)
  object space 65536K, 0% used [0x00000000c0000000,0x00000000c00421c8,0x00000000c4000000)
 Metaspace       used 6128K, capacity 7024K, committed 7296K, reserved 1056768K
  class space    used 599K, capacity 616K, committed 640K, reserved 1048576K
Event: 4.662 GC heap after
Heap after GC invocations=2 (full 0):
 PSYoungGen      total 53248K, used 4071K [0x00000000eab00000, 0x00000000ee300000, 0x0000000100000000)
  eden space 49152K, 0% used [0x00000000eab00000,0x00000000eab00000,0x00000000edb00000)
  from space 4096K, 99% used [0x00000000edf00000,0x00000000ee2f9d00,0x00000000ee300000)
  to   space 4096K, 0% used [0x00000000edb00000,0x00000000edb00000,0x00000000edf00000)
 ParOldGen       total 65536K, used 2716K [0x00000000c0000000, 0x00000000c4000000, 0x00000000eab00000)
  object space 65536K, 4% used [0x00000000c0000000,0x00000000c02a73a0,0x00000000c4000000)
 Metaspace       used 6128K, capacity 7024K, committed 7296K, reserved 1056768K
  class space    used 599K, capacity 616K, committed 640K, reserved 1048576K
}

Deoptimization events (9 events):
Event: 1.707 Thread 0x00000000568e3000 Uncommon trap: reason=unstable_if action=reinterpret pc=0x0000000002a3e020 method=java.util.BitSet.nextSetBit(I)I @ 87
Event: 1.709 Thread 0x00000000568e3000 Uncommon trap: reason=unstable_if action=reinterpret pc=0x0000000002a2d340 method=java.util.HashMap.getNode(ILjava/lang/Object;)Ljava/util/HashMap$Node; @ 129
Event: 1.712 Thread 0x00000000568e3000 Uncommon trap: reason=class_check action=maybe_recompile pc=0x0000000002ac2d20 method=com.android.dx.ssa.NormalSsaInsn.accept(Lcom/android/dx/ssa/SsaInsn$Visitor;)V @ 9
Event: 1.973 Thread 0x00000000568e7000 Uncommon trap: reason=unstable_if action=reinterpret pc=0x0000000002ac02e4 method=java.util.BitSet.ensureCapacity(I)V @ 6
Event: 3.541 Thread 0x00000000568b8000 Uncommon trap: reason=unstable_if action=reinterpret pc=0x0000000002b46e78 method=com.android.dx.rop.code.RegisterSpec.equals(ILcom/android/dx/rop/type/TypeBearer;Lcom/android/dx/rop/code/LocalItem;)Z @ 42
Event: 4.022 Thread 0x00000000568e3000 Uncommon trap: reason=class_check action=maybe_recompile pc=0x0000000002d6fda0 method=com.android.dx.ssa.SsaMethod.isRegALocal(Lcom/android/dx/rop/code/RegisterSpec;)Z @ 16
Event: 4.022 Thread 0x00000000568e3000 Uncommon trap: reason=class_check action=maybe_recompile pc=0x0000000002d6fda0 method=com.android.dx.ssa.SsaMethod.isRegALocal(Lcom/android/dx/rop/code/RegisterSpec;)Z @ 16
Event: 4.023 Thread 0x00000000568e3000 Uncommon trap: reason=class_check action=maybe_recompile pc=0x0000000002d6fda0 method=com.android.dx.ssa.SsaMethod.isRegALocal(Lcom/android/dx/rop/code/RegisterSpec;)Z @ 16
Event: 4.023 Thread 0x00000000568e3000 Uncommon trap: reason=class_check action=maybe_recompile pc=0x0000000002d6fda0 method=com.android.dx.ssa.SsaMethod.isRegALocal(Lcom/android/dx/rop/code/RegisterSpec;)Z @ 16

Internal exceptions (2 events):
Event: 0.262 Thread 0x000000000047e000 Exception <a 'java/lang/NoSuchMethodError': Method sun.misc.Unsafe.defineClass(Ljava/lang/String;[BII)Ljava/lang/Class; name or signature does not match> (0x00000000eab130b0) thrown at [C:\workspace\8-2-build-windows-amd64-cygwin\jdk8u65\4987\hotspot\src\såN–∂≈–?
Event: 0.262 Thread 0x000000000047e000 Exception <a 'java/lang/NoSuchMethodError': Method sun.misc.Unsafe.prefetchRead(Ljava/lang/Object;J)V name or signature does not match> (0x00000000eab13398) thrown at [C:\workspace\8-2-build-windows-amd64-cygwin\jdk8u65\4987\hotspot\src\share\vm\prims\jni.

Events (10 events):
Event: 4.023 Thread 0x00000000568e3000 DEOPT PACKING pc=0x0000000002d6fda0 sp=0x0000000055aee880
Event: 4.023 Thread 0x00000000568e3000 DEOPT UNPACKING pc=0x000000000285582a sp=0x0000000055aee7c8 mode 2
Event: 4.023 loading class java/util/TreeMap$EntrySet
Event: 4.024 loading class java/util/TreeMap$EntrySet done
Event: 4.024 loading class java/util/TreeMap$EntryIterator
Event: 4.024 loading class java/util/TreeMap$EntryIterator done
Event: 4.027 Executing VM operation: Deoptimize
Event: 4.027 Executing VM operation: Deoptimize done
Event: 4.640 Executing VM operation: ParallelGCFailedAllocation
Event: 4.662 Executing VM operation: ParallelGCFailedAllocation done


Dynamic libraries:
0x000000013f320000 - 0x000000013f357000 	C:\Program Files\Java\jdk1.8.0_65\bin\java.exe
0x0000000077a70000 - 0x0000000077c19000 	C:\Windows\SYSTEM32\ntdll.dll
0x0000000077850000 - 0x000000007796f000 	C:\Windows\system32\kernel32.dll
0x000007fefd9b0000 - 0x000007fefda1c000 	C:\Windows\system32\KERNELBASE.dll
0x000007fefea50000 - 0x000007fefeb2b000 	C:\Windows\system32\ADVAPI32.dll
0x000007feffb40000 - 0x000007feffbdf000 	C:\Windows\system32\msvcrt.dll
0x000007fefdef0000 - 0x000007fefdf0f000 	C:\Windows\SYSTEM32\sechost.dll
0x000007feffc50000 - 0x000007feffd7d000 	C:\Windows\system32\RPCRT4.dll
0x0000000077970000 - 0x0000000077a6a000 	C:\Windows\system32\USER32.dll
0x000007feffbe0000 - 0x000007feffc47000 	C:\Windows\system32\GDI32.dll
0x000007fefdbe0000 - 0x000007fefdbee000 	C:\Windows\system32\LPK.dll
0x000007fefec40000 - 0x000007fefed09000 	C:\Windows\system32\USP10.dll
0x000007fefc230000 - 0x000007fefc424000 	C:\Windows\WinSxS\amd64_microsoft.windows.common-controls_6595b64144ccf1df_6.0.7601.18837_none_fa3b1e3d17594757\COMCTL32.dll
0x000007fefdf60000 - 0x000007fefdfd1000 	C:\Windows\system32\SHLWAPI.dll
0x000007fefe680000 - 0x000007fefe6ae000 	C:\Windows\system32\IMM32.DLL
0x000007fefeb30000 - 0x000007fefec39000 	C:\Windows\system32\MSCTF.dll
0x0000000068a10000 - 0x0000000068ae2000 	C:\Program Files\Java\jdk1.8.0_65\jre\bin\msvcr100.dll
0x0000000060790000 - 0x0000000061019000 	C:\Program Files\Java\jdk1.8.0_65\jre\bin\server\jvm.dll
0x000007fefbb00000 - 0x000007fefbb09000 	C:\Windows\system32\WSOCK32.dll
0x000007fefdf10000 - 0x000007fefdf5d000 	C:\Windows\system32\WS2_32.dll
0x000007fefe220000 - 0x000007fefe228000 	C:\Windows\system32\NSI.dll
0x000007fefa7d0000 - 0x000007fefa80b000 	C:\Windows\system32\WINMM.dll
0x000007fefc8f0000 - 0x000007fefc8fc000 	C:\Windows\system32\VERSION.dll
0x0000000077c40000 - 0x0000000077c47000 	C:\Windows\system32\PSAPI.DLL
0x0000000073b70000 - 0x0000000073b7f000 	C:\Program Files\Java\jdk1.8.0_65\jre\bin\verify.dll
0x0000000073610000 - 0x0000000073639000 	C:\Program Files\Java\jdk1.8.0_65\jre\bin\java.dll
0x00000000739e0000 - 0x00000000739f6000 	C:\Program Files\Java\jdk1.8.0_65\jre\bin\zip.dll
0x000007fefed10000 - 0x000007feffa99000 	C:\Windows\system32\SHELL32.dll
0x000007fefe840000 - 0x000007fefea43000 	C:\Windows\system32\ole32.dll
0x000007fefd820000 - 0x000007fefd82f000 	C:\Windows\system32\profapi.dll

VM Arguments:
jvm_args: -Djava.awt.headless=true -Xmx1024M -Dfile.encoding=windows-1251 -Duser.country=RU -Duser.language=ru -Duser.variant 
java_command: com.android.dx.command.Main --dex --num-threads=4 --output C:\Users\Minorius\AndroidStudioProjects\PR_9\app\build\intermediates\pre-dexed\debug\firebase-client-jvm-2.5.0_9118db058d88b267b85241199b941308494e856f.jar C:\Users\Minorius\.gradle\caches\modules-2\files-2.1\com.firebase\firebase-client-jvm\2.5.0\c0af904657634f7ab9cc21e75d80250570033321\firebase-client-jvm-2.5.0.jar
java_class_path (initial): C:\Users\Minorius\AppData\Local\Android\sdk1\build-tools\23.0.2\lib\dx.jar
Launcher Type: SUN_STANDARD

Environment Variables:
PATH=C:\ProgramData\Oracle\Java\javapath;C:\Program Files (x86)\NVIDIA Corporation\PhysX\Common;C:\Windows\system32;C:\Windows;C:\Windows\System32\Wbem;C:\Windows\System32\WindowsPowerShell\v1.0\;C:\Program Files (x86)\Google\Chrome\Application;C:\ProgramData\Oracle\Java\javapath;C:\Program Files (x86)\NVIDIA Corporation\PhysX\Common;C:\Windows\system32;C:\Windows;C:\Windows\System32\Wbem;C:\Windows\System32\WindowsPowerShell\v1.0\
USERNAME=Minorius
OS=Windows_NT
PROCESSOR_IDENTIFIER=AMD64 Family 16 Model 2 Stepping 3, AuthenticAMD



---------------  S Y S T E M  ---------------

OS: Windows 7 , 64 bit Build 7601 (6.1.7601.18933)

CPU:total 2 (2 cores per cpu, 1 threads per core) family 16 model 2 stepping 3, cmov, cx8, fxsr, mmx, sse, sse2, sse3, popcnt, mmxext, 3dnowpref, lzcnt, sse4a, tsc, tscinvbit, tscinv

Memory: 4k page, physical 6289912k(1342772k free), swap 6288072k(5232k free)

vm_info: Java HotSpot(TM) 64-Bit Server VM (25.65-b01) for windows-amd64 JRE (1.8.0_65-b17), built on Oct  6 2015 16:39:20 by "java_re" with MS VC++ 10.0 (VS2010)

time: Mon Mar 21 14:13:23 2016
elapsed time: 5 seconds (0d 0h 0m 5s)

