#
# There is insufficient memory for the Java Runtime Environment to continue.
# Native memory allocation (malloc) failed to allocate 32744 bytes for ChunkPool::allocate
# Possible reasons:
#   The system is out of physical RAM or swap space
#   In 32 bit mode, the process size limit was hit
# Possible solutions:
#   Reduce memory load on the system
#   Increase physical memory or swap space
#   Check if swap backing store is full
#   Use 64 bit Java on a 64 bit OS
#   Decrease Java heap size (-Xmx/-Xms)
#   Decrease number of Java threads
#   Decrease Java thread stack sizes (-Xss)
#   Set larger code cache with -XX:ReservedCodeCacheSize=
# This output file may be truncated or incomplete.
#
#  Out of Memory Error (allocation.cpp:273), pid=1284, tid=4536
#
# JRE version: Java(TM) SE Runtime Environment (8.0_65-b17) (build 1.8.0_65-b17)
# Java VM: Java HotSpot(TM) 64-Bit Server VM (25.65-b01 mixed mode windows-amd64 compressed oops)
# Failed to write core dump. Minidumps are not enabled by default on client versions of Windows
#

---------------  T H R E A D  ---------------

Current thread (0x0000000054d19000):  JavaThread "C2 CompilerThread0" daemon [_thread_in_native, id=4536, stack(0x0000000055eb0000,0x0000000055fb0000)]

Stack: [0x0000000055eb0000,0x0000000055fb0000]
[error occurred during error reporting (printing stack bounds), id 0xc0000005]

Native frames: (J=compiled Java code, j=interpreted, Vv=VM code, C=native code)


Current CompileTask:
C2:   6479 1621   !   4       com.android.dx.cf.code.Ropper::processBlock (1101 bytes)


---------------  P R O C E S S  ---------------

Java Threads: ( => current thread )
  0x00000000564e9800 JavaThread "pool-1-thread-4" [_thread_in_vm, id=3952, stack(0x0000000056d70000,0x0000000056e70000)]
  0x00000000564e8800 JavaThread "pool-1-thread-3" [_thread_blocked, id=948, stack(0x0000000056c40000,0x0000000056d40000)]
  0x00000000564e2800 JavaThread "pool-1-thread-2" [_thread_blocked, id=1296, stack(0x0000000056b20000,0x0000000056c20000)]
  0x00000000564de000 JavaThread "pool-2-thread-1" [_thread_blocked, id=5052, stack(0x0000000056980000,0x0000000056a80000)]
  0x00000000564dc000 JavaThread "pool-1-thread-1" [_thread_blocked, id=3340, stack(0x0000000055c60000,0x0000000055d60000)]
  0x0000000054d29000 JavaThread "Service Thread" daemon [_thread_blocked, id=1464, stack(0x00000000561b0000,0x00000000562b0000)]
  0x0000000054d1d000 JavaThread "C1 CompilerThread1" daemon [_thread_blocked, id=4844, stack(0x0000000056040000,0x0000000056140000)]
=>0x0000000054d19000 JavaThread "C2 CompilerThread0" daemon [_thread_in_native, id=4536, stack(0x0000000055eb0000,0x0000000055fb0000)]
  0x0000000054d17000 JavaThread "Attach Listener" daemon [_thread_blocked, id=3100, stack(0x0000000055d80000,0x0000000055e80000)]
  0x0000000054d15800 JavaThread "Signal Dispatcher" daemon [_thread_blocked, id=2408, stack(0x0000000055880000,0x0000000055980000)]
  0x0000000054cb6800 JavaThread "Finalizer" daemon [_thread_blocked, id=2088, stack(0x0000000055b40000,0x0000000055c40000)]
  0x0000000054cb3000 JavaThread "Reference Handler" daemon [_thread_blocked, id=4876, stack(0x0000000055980000,0x0000000055a80000)]
  0x000000000231e000 JavaThread "main" [_thread_blocked, id=4228, stack(0x0000000002320000,0x0000000002420000)]

Other Threads:
  0x0000000054cad000 VMThread [stack: 0x0000000055780000,0x0000000055880000] [id=4160]
  0x0000000054d7f000 WatcherThread [stack: 0x0000000056850000,0x0000000056950000] [id=1360]

VM state:synchronizing (normal execution)

VM Mutex/Monitor currently owned by a thread:  ([mutex/lock_event])
[0x000000000231c4f0] Threads_lock - owner thread: 0x0000000054cad000

Heap:
 PSYoungGen      total 53248K, used 15295K [0x00000000eab00000, 0x00000000ee300000, 0x0000000100000000)
  eden space 49152K, 22% used [0x00000000eab00000,0x00000000eb5f4e20,0x00000000edb00000)
  from space 4096K, 99% used [0x00000000edb00000,0x00000000edefaf48,0x00000000edf00000)
  to   space 4096K, 0% used [0x00000000edf00000,0x00000000edf00000,0x00000000ee300000)
 ParOldGen       total 65536K, used 8219K [0x00000000c0000000, 0x00000000c4000000, 0x00000000eab00000)
  object space 65536K, 12% used [0x00000000c0000000,0x00000000c0806c90,0x00000000c4000000)
 Metaspace       used 6249K, capacity 7088K, committed 7296K, reserved 1056768K
  class space    used 603K, capacity 616K, committed 640K, reserved 1048576K

Card table byte_map: [0x0000000011bb0000,0x0000000011dc0000] byte_map_base: 0x00000000115b0000

Marking Bits: (ParMarkBitMap*) 0x000000006446a5b0
 Begin Bits: [0x0000000012180000, 0x0000000013180000)
 End Bits:   [0x0000000013180000, 0x0000000014180000)

Polling page: 0x0000000000130000

CodeCache: size=245760Kb used=6424Kb max_used=6442Kb free=239335Kb
 bounds [0x00000000027f0000, 0x0000000002e50000, 0x00000000117f0000]
 total_blobs=1883 nmethods=1615 adapters=182
 compilation: enabled

Compilation events (10 events):
Event: 5.026 Thread 0x0000000054d19000 nmethod 1617 0x0000000002e25410 code [0x0000000002e25560, 0x0000000002e257b8]
Event: 5.026 Thread 0x0000000054d19000 1615       4       com.android.dx.rop.code.RegisterSpec::<init> (8 bytes)
Event: 5.027 Thread 0x0000000054d19000 nmethod 1615 0x0000000002e20d50 code [0x0000000002e20e80, 0x0000000002e20f38]
Event: 5.033 Thread 0x0000000054d19000 1618       4       java.util.ArrayList::<init> (61 bytes)
Event: 5.034 Thread 0x0000000054d19000 nmethod 1618 0x0000000002e39250 code [0x0000000002e393a0, 0x0000000002e394b8]
Event: 5.034 Thread 0x0000000054d19000 1619       4       com.android.dx.ssa.back.FirstFitLocalCombiningAllocator$1::processInsn (169 bytes)
Event: 5.129 Thread 0x0000000054d19000 nmethod 1619 0x0000000002e3df50 code [0x0000000002e3e1c0, 0x0000000002e3fec8]
Event: 5.516 Thread 0x0000000054d1d000 1620       3       sun.util.calendar.CalendarDate::setNormalized (6 bytes)
Event: 5.516 Thread 0x0000000054d1d000 nmethod 1620 0x0000000002e286d0 code [0x0000000002e28820, 0x0000000002e28970]
Event: 5.522 Thread 0x0000000054d19000 1621   !   4       com.android.dx.cf.code.Ropper::processBlock (1101 bytes)

GC Heap History (6 events):
Event: 1.890 GC heap before
{Heap before GC invocations=1 (full 0):
 PSYoungGen      total 28672K, used 24576K [0x00000000eab00000, 0x00000000ecb00000, 0x0000000100000000)
  eden space 24576K, 100% used [0x00000000eab00000,0x00000000ec300000,0x00000000ec300000)
  from space 4096K, 0% used [0x00000000ec700000,0x00000000ec700000,0x00000000ecb00000)
  to   space 4096K, 0% used [0x00000000ec300000,0x00000000ec300000,0x00000000ec700000)
 ParOldGen       total 65536K, used 0K [0x00000000c0000000, 0x00000000c4000000, 0x00000000eab00000)
  object space 65536K, 0% used [0x00000000c0000000,0x00000000c0000000,0x00000000c4000000)
 Metaspace       used 5836K, capacity 6768K, committed 7040K, reserved 1056768K
  class space    used 597K, capacity 616K, committed 640K, reserved 1048576K
Event: 1.914 GC heap after
Heap after GC invocations=1 (full 0):
 PSYoungGen      total 28672K, used 3697K [0x00000000eab00000, 0x00000000ee300000, 0x0000000100000000)
  eden space 24576K, 0% used [0x00000000eab00000,0x00000000eab00000,0x00000000ec300000)
  from space 4096K, 90% used [0x00000000ec300000,0x00000000ec69c4d0,0x00000000ec700000)
  to   space 4096K, 0% used [0x00000000edf00000,0x00000000edf00000,0x00000000ee300000)
 ParOldGen       total 65536K, used 0K [0x00000000c0000000, 0x00000000c4000000, 0x00000000eab00000)
  object space 65536K, 0% used [0x00000000c0000000,0x00000000c0000000,0x00000000c4000000)
 Metaspace       used 5836K, capacity 6768K, committed 7040K, reserved 1056768K
  class space    used 597K, capacity 616K, committed 640K, reserved 1048576K
}
Event: 3.376 GC heap before
{Heap before GC invocations=2 (full 0):
 PSYoungGen      total 28672K, used 28273K [0x00000000eab00000, 0x00000000ee300000, 0x0000000100000000)
  eden space 24576K, 100% used [0x00000000eab00000,0x00000000ec300000,0x00000000ec300000)
  from space 4096K, 90% used [0x00000000ec300000,0x00000000ec69c4d0,0x00000000ec700000)
  to   space 4096K, 0% used [0x00000000edf00000,0x00000000edf00000,0x00000000ee300000)
 ParOldGen       total 65536K, used 0K [0x00000000c0000000, 0x00000000c4000000, 0x00000000eab00000)
  object space 65536K, 0% used [0x00000000c0000000,0x00000000c0000000,0x00000000c4000000)
 Metaspace       used 6119K, capacity 6960K, committed 7040K, reserved 1056768K
  class space    used 600K, capacity 616K, committed 640K, reserved 1048576K
Event: 3.399 GC heap after
Heap after GC invocations=2 (full 0):
 PSYoungGen      total 53248K, used 4086K [0x00000000eab00000, 0x00000000ee300000, 0x0000000100000000)
  eden space 49152K, 0% used [0x00000000eab00000,0x00000000eab00000,0x00000000edb00000)
  from space 4096K, 99% used [0x00000000edf00000,0x00000000ee2fd9b8,0x00000000ee300000)
  to   space 4096K, 0% used [0x00000000edb00000,0x00000000edb00000,0x00000000edf00000)
 ParOldGen       total 65536K, used 1472K [0x00000000c0000000, 0x00000000c4000000, 0x00000000eab00000)
  object space 65536K, 2% used [0x00000000c0000000,0x00000000c0170208,0x00000000c4000000)
 Metaspace       used 6119K, capacity 6960K, committed 7040K, reserved 1056768K
  class space    used 600K, capacity 616K, committed 640K, reserved 1048576K
}
Event: 4.207 GC heap before
{Heap before GC invocations=3 (full 0):
 PSYoungGen      total 53248K, used 53238K [0x00000000eab00000, 0x00000000ee300000, 0x0000000100000000)
  eden space 49152K, 100% used [0x00000000eab00000,0x00000000edb00000,0x00000000edb00000)
  from space 4096K, 99% used [0x00000000edf00000,0x00000000ee2fd9b8,0x00000000ee300000)
  to   space 4096K, 0% used [0x00000000edb00000,0x00000000edb00000,0x00000000edf00000)
 ParOldGen       total 65536K, used 1472K [0x00000000c0000000, 0x00000000c4000000, 0x00000000eab00000)
  object space 65536K, 2% used [0x00000000c0000000,0x00000000c0170208,0x00000000c4000000)
 Metaspace       used 6241K, capacity 7088K, committed 7296K, reserved 1056768K
  class space    used 602K, capacity 616K, committed 640K, reserved 1048576K
Event: 4.344 GC heap after
Heap after GC invocations=3 (full 0):
 PSYoungGen      total 53248K, used 4075K [0x00000000eab00000, 0x00000000ee300000, 0x0000000100000000)
  eden space 49152K, 0% used [0x00000000eab00000,0x00000000eab00000,0x00000000edb00000)
  from space 4096K, 99% used [0x00000000edb00000,0x00000000edefaf48,0x00000000edf00000)
  to   space 4096K, 0% used [0x00000000edf00000,0x00000000edf00000,0x00000000ee300000)
 ParOldGen       total 65536K, used 8219K [0x00000000c0000000, 0x00000000c4000000, 0x00000000eab00000)
  object space 65536K, 12% used [0x00000000c0000000,0x00000000c0806c90,0x00000000c4000000)
 Metaspace       used 6241K, capacity 7088K, committed 7296K, reserved 1056768K
  class space    used 602K, capacity 616K, committed 640K, reserved 1048576K
}

Deoptimization events (10 events):
Event: 3.802 Thread 0x000000000231e000 Uncommon trap: reason=unstable_if action=reinterpret pc=0x0000000002dc0944 method=com.android.dx.rop.code.RegisterSpec.equals(ILcom/android/dx/rop/type/TypeBearer;Lcom/android/dx/rop/code/LocalItem;)Z @ 42
Event: 3.817 Thread 0x000000000231e000 Uncommon trap: reason=bimorphic action=maybe_recompile pc=0x0000000002af90b8 method=java.util.HashMap.getNode(ILjava/lang/Object;)Ljava/util/HashMap$Node; @ 126
Event: 3.817 Thread 0x000000000231e000 Uncommon trap: reason=class_check action=maybe_recompile pc=0x0000000002d13c24 method=java.util.HashMap.putVal(ILjava/lang/Object;Ljava/lang/Object;ZZ)Ljava/lang/Object; @ 203
Event: 3.817 Thread 0x000000000231e000 Uncommon trap: reason=bimorphic action=maybe_recompile pc=0x0000000002af90b8 method=java.util.HashMap.getNode(ILjava/lang/Object;)Ljava/util/HashMap$Node; @ 126
Event: 3.817 Thread 0x000000000231e000 Uncommon trap: reason=class_check action=maybe_recompile pc=0x0000000002d13c24 method=java.util.HashMap.putVal(ILjava/lang/Object;Ljava/lang/Object;ZZ)Ljava/lang/Object; @ 203
Event: 3.817 Thread 0x000000000231e000 Uncommon trap: reason=bimorphic action=maybe_recompile pc=0x0000000002b32ba0 method=java.util.HashMap.getNode(ILjava/lang/Object;)Ljava/util/HashMap$Node; @ 126
Event: 3.817 Thread 0x000000000231e000 Uncommon trap: reason=bimorphic action=maybe_recompile pc=0x0000000002b32ba0 method=java.util.HashMap.getNode(ILjava/lang/Object;)Ljava/util/HashMap$Node; @ 126
Event: 3.817 Thread 0x000000000231e000 Uncommon trap: reason=class_check action=maybe_recompile pc=0x0000000002d13c24 method=java.util.HashMap.putVal(ILjava/lang/Object;Ljava/lang/Object;ZZ)Ljava/lang/Object; @ 203
Event: 3.817 Thread 0x000000000231e000 Uncommon trap: reason=bimorphic action=maybe_recompile pc=0x0000000002af90b8 method=java.util.HashMap.getNode(ILjava/lang/Object;)Ljava/util/HashMap$Node; @ 126
Event: 4.094 Thread 0x00000000564dc000 Uncommon trap: reason=unstable_if action=reinterpret pc=0x0000000002c3d8ec method=com.android.dx.util.IntList.binarysearch(I)I @ 105

Internal exceptions (2 events):
Event: 0.121 Thread 0x000000000231e000 Exception <a 'java/lang/NoSuchMethodError': Method sun.misc.Unsafe.defineClass(Ljava/lang/String;[BII)Ljava/lang/Class; name or signature does not match> (0x00000000eab130b0) thrown at [C:\workspace\8-2-build-windows-amd64-cygwin\jdk8u65\4987\hotspot\src\sódHHqß¾?
Event: 0.121 Thread 0x000000000231e000 Exception <a 'java/lang/NoSuchMethodError': Method sun.misc.Unsafe.prefetchRead(Ljava/lang/Object;J)V name or signature does not match> (0x00000000eab13398) thrown at [C:\workspace\8-2-build-windows-amd64-cygwin\jdk8u65\4987\hotspot\src\share\vm\prims\jni.

Events (10 events):
Event: 4.142 Executing VM operation: ParallelGCFailedAllocation
Event: 4.344 Executing VM operation: ParallelGCFailedAllocation done
Event: 4.454 Executing VM operation: EnableBiasedLocking
Event: 4.466 Executing VM operation: EnableBiasedLocking done
Event: 4.666 Thread 0x00000000564e8800 DEOPT PACKING pc=0x0000000002b3f7c5 sp=0x0000000056d3e9a0
Event: 4.666 Thread 0x00000000564e8800 DEOPT UNPACKING pc=0x000000000283747f sp=0x0000000056d3e740 mode 0
Event: 4.726 loading class com/android/dx/rop/code/RegisterSpec$1
Event: 4.726 loading class com/android/dx/rop/code/RegisterSpec$1 done
Event: 5.046 loading class com/android/dx/cf/attrib/AttExceptions
Event: 5.046 loading class com/android/dx/cf/attrib/AttExceptions done


Dynamic libraries:
0x000000013f330000 - 0x000000013f367000 	C:\Program Files\Java\jdk1.8.0_65\bin\java.exe
0x0000000076f40000 - 0x00000000770e9000 	C:\Windows\SYSTEM32\ntdll.dll
0x0000000076e20000 - 0x0000000076f3f000 	C:\Windows\system32\kernel32.dll
0x000007fefcd20000 - 0x000007fefcd8c000 	C:\Windows\system32\KERNELBASE.dll
0x000007fefd7d0000 - 0x000007fefd8ab000 	C:\Windows\system32\ADVAPI32.dll
0x000007fefd120000 - 0x000007fefd1bf000 	C:\Windows\system32\msvcrt.dll
0x000007fefd7b0000 - 0x000007fefd7cf000 	C:\Windows\SYSTEM32\sechost.dll
0x000007fefd3f0000 - 0x000007fefd51d000 	C:\Windows\system32\RPCRT4.dll
0x0000000076d20000 - 0x0000000076e1a000 	C:\Windows\system32\USER32.dll
0x000007fefeaf0000 - 0x000007fefeb57000 	C:\Windows\system32\GDI32.dll
0x000007fefec00000 - 0x000007fefec0e000 	C:\Windows\system32\LPK.dll
0x000007fefd320000 - 0x000007fefd3e9000 	C:\Windows\system32\USP10.dll
0x000007fefb4b0000 - 0x000007fefb6a4000 	C:\Windows\WinSxS\amd64_microsoft.windows.common-controls_6595b64144ccf1df_6.0.7601.18837_none_fa3b1e3d17594757\COMCTL32.dll
0x000007fefd520000 - 0x000007fefd591000 	C:\Windows\system32\SHLWAPI.dll
0x000007fefeac0000 - 0x000007fefeaee000 	C:\Windows\system32\IMM32.DLL
0x000007fefe9b0000 - 0x000007fefeab9000 	C:\Windows\system32\MSCTF.dll
0x0000000066b50000 - 0x0000000066c22000 	C:\Program Files\Java\jdk1.8.0_65\jre\bin\msvcr100.dll
0x0000000063c60000 - 0x00000000644e9000 	C:\Program Files\Java\jdk1.8.0_65\jre\bin\server\jvm.dll
0x000007fefaba0000 - 0x000007fefaba9000 	C:\Windows\system32\WSOCK32.dll
0x000007fefef30000 - 0x000007fefef7d000 	C:\Windows\system32\WS2_32.dll
0x000007fefd110000 - 0x000007fefd118000 	C:\Windows\system32\NSI.dll
0x000007fef9cb0000 - 0x000007fef9ceb000 	C:\Windows\system32\WINMM.dll
0x000007fefbdc0000 - 0x000007fefbdcc000 	C:\Windows\system32\VERSION.dll
0x0000000077110000 - 0x0000000077117000 	C:\Windows\system32\PSAPI.DLL
0x00000000710b0000 - 0x00000000710bf000 	C:\Program Files\Java\jdk1.8.0_65\jre\bin\verify.dll
0x0000000068b60000 - 0x0000000068b89000 	C:\Program Files\Java\jdk1.8.0_65\jre\bin\java.dll
0x0000000069170000 - 0x0000000069186000 	C:\Program Files\Java\jdk1.8.0_65\jre\bin\zip.dll
0x000007fefd8b0000 - 0x000007fefe639000 	C:\Windows\system32\SHELL32.dll
0x000007fefd5a0000 - 0x000007fefd7a3000 	C:\Windows\system32\ole32.dll
0x000007fefccf0000 - 0x000007fefccff000 	C:\Windows\system32\profapi.dll

VM Arguments:
jvm_args: -Djava.awt.headless=true -Xmx1024M -Dfile.encoding=windows-1251 -Duser.country=RU -Duser.language=ru -Duser.variant 
java_command: com.android.dx.command.Main --dex --num-threads=4 --output C:\Users\Minorius\AndroidStudioProjects\PR_9\app\build\intermediates\pre-dexed\debug\com.android.support-support-v4-23.1.1_733548fc5707db8423d3fd13236f811d82a2b821.jar C:\Users\Minorius\AndroidStudioProjects\PR_9\app\build\intermediates\exploded-aar\com.android.support\support-v4\23.1.1\jars\classes.jar
java_class_path (initial): C:\Users\Minorius\AppData\Local\Android\sdk1\build-tools\23.0.2\lib\dx.jar
Launcher Type: SUN_STANDARD

Environment Variables:
PATH=C:\ProgramData\Oracle\Java\javapath;C:\Program Files (x86)\NVIDIA Corporation\PhysX\Common;C:\Windows\system32;C:\Windows;C:\Windows\System32\Wbem;C:\Windows\System32\WindowsPowerShell\v1.0\;C:\Program Files (x86)\Google\Chrome\Application;C:\ProgramData\Oracle\Java\javapath;C:\Program Files (x86)\NVIDIA Corporation\PhysX\Common;C:\Windows\system32;C:\Windows;C:\Windows\System32\Wbem;C:\Windows\System32\WindowsPowerShell\v1.0\
USERNAME=Minorius
OS=Windows_NT
PROCESSOR_IDENTIFIER=AMD64 Family 16 Model 2 Stepping 3, AuthenticAMD



---------------  S Y S T E M  ---------------

OS: Windows 7 , 64 bit Build 7601 (6.1.7601.18933)

CPU:total 2 (2 cores per cpu, 1 threads per core) family 16 model 2 stepping 3, cmov, cx8, fxsr, mmx, sse, sse2, sse3, popcnt, mmxext, 3dnowpref, lzcnt, sse4a, tsc, tscinvbit, tscinv

Memory: 4k page, physical 6289912k(1516228k free), swap 6288072k(3884k free)

vm_info: Java HotSpot(TM) 64-Bit Server VM (25.65-b01) for windows-amd64 JRE (1.8.0_65-b17), built on Oct  6 2015 16:39:20 by "java_re" with MS VC++ 10.0 (VS2010)

time: Mon Apr 11 17:33:57 2016
elapsed time: 6 seconds (0d 0h 0m 6s)

