#
# There is insufficient memory for the Java Runtime Environment to continue.
# Native memory allocation (malloc) failed to allocate 131088 bytes for Chunk::new
# Possible reasons:
#   The system is out of physical RAM or swap space
#   In 32 bit mode, the process size limit was hit
# Possible solutions:
#   Reduce memory load on the system
#   Increase physical memory or swap space
#   Check if swap backing store is full
#   Use 64 bit Java on a 64 bit OS
#   Decrease Java heap size (-Xmx/-Xms)
#   Decrease number of Java threads
#   Decrease Java thread stack sizes (-Xss)
#   Set larger code cache with -XX:ReservedCodeCacheSize=
# This output file may be truncated or incomplete.
#
#  Out of Memory Error (allocation.cpp:390), pid=4072, tid=4516
#
# JRE version: Java(TM) SE Runtime Environment (8.0_65-b17) (build 1.8.0_65-b17)
# Java VM: Java HotSpot(TM) 64-Bit Server VM (25.65-b01 mixed mode windows-amd64 compressed oops)
# Failed to write core dump. Minidumps are not enabled by default on client versions of Windows
#

---------------  T H R E A D  ---------------

Current thread (0x0000000054d53000):  JavaThread "C2 CompilerThread0" daemon [_thread_in_native, id=4516, stack(0x0000000056080000,0x0000000056180000)]

Stack: [0x0000000056080000,0x0000000056180000]
[error occurred during error reporting (printing stack bounds), id 0xc0000005]

Native frames: (J=compiled Java code, j=interpreted, Vv=VM code, C=native code)


Current CompileTask:
C2:   4301 1315       4       com.android.dx.dex.code.RopToDop::dopFor (792 bytes)


---------------  P R O C E S S  ---------------

Java Threads: ( => current thread )
  0x00000000564fb000 JavaThread "pool-1-thread-4" [_thread_blocked, id=4444, stack(0x0000000056e30000,0x0000000056f30000)]
  0x00000000564ce000 JavaThread "pool-1-thread-3" [_thread_blocked, id=4864, stack(0x0000000056c70000,0x0000000056d70000)]
  0x0000000056460000 JavaThread "pool-1-thread-2" [_thread_blocked, id=4272, stack(0x00000000567b0000,0x00000000568b0000)]
  0x000000005644d800 JavaThread "pool-2-thread-1" [_thread_blocked, id=4856, stack(0x0000000056b10000,0x0000000056c10000)]
  0x0000000056449000 JavaThread "pool-1-thread-1" [_thread_blocked, id=3424, stack(0x0000000056a00000,0x0000000056b00000)]
  0x0000000054d69000 JavaThread "Service Thread" daemon [_thread_blocked, id=972, stack(0x0000000056250000,0x0000000056350000)]
  0x0000000054d57000 JavaThread "C1 CompilerThread1" daemon [_thread_blocked, id=3480, stack(0x0000000055ea0000,0x0000000055fa0000)]
=>0x0000000054d53000 JavaThread "C2 CompilerThread0" daemon [_thread_in_native, id=4516, stack(0x0000000056080000,0x0000000056180000)]
  0x0000000054d51800 JavaThread "Attach Listener" daemon [_thread_blocked, id=4736, stack(0x0000000055da0000,0x0000000055ea0000)]
  0x0000000054d5f800 JavaThread "Signal Dispatcher" daemon [_thread_blocked, id=4156, stack(0x0000000055c20000,0x0000000055d20000)]
  0x0000000054cf6000 JavaThread "Finalizer" daemon [_thread_blocked, id=4116, stack(0x0000000055a20000,0x0000000055b20000)]
  0x0000000054cf3000 JavaThread "Reference Handler" daemon [_thread_blocked, id=3520, stack(0x00000000558f0000,0x00000000559f0000)]
  0x000000000037e000 JavaThread "main" [_thread_in_native, id=664, stack(0x00000000023d0000,0x00000000024d0000)]

Other Threads:
  0x0000000054ced000 VMThread [stack: 0x00000000557f0000,0x00000000558f0000] [id=2636]
  0x0000000056362800 WatcherThread [stack: 0x00000000568b0000,0x00000000569b0000] [id=3736]

VM state:not at safepoint (normal execution)

VM Mutex/Monitor currently owned by a thread: None

Heap:
 PSYoungGen      total 28672K, used 15140K [0x00000000eab00000, 0x00000000ee300000, 0x0000000100000000)
  eden space 24576K, 44% used [0x00000000eab00000,0x00000000eb5cc580,0x00000000ec300000)
  from space 4096K, 99% used [0x00000000ec300000,0x00000000ec6fcbd0,0x00000000ec700000)
  to   space 4096K, 0% used [0x00000000edf00000,0x00000000edf00000,0x00000000ee300000)
 ParOldGen       total 65536K, used 1846K [0x00000000c0000000, 0x00000000c4000000, 0x00000000eab00000)
  object space 65536K, 2% used [0x00000000c0000000,0x00000000c01cd8a0,0x00000000c4000000)
 Metaspace       used 5854K, capacity 6960K, committed 7040K, reserved 1056768K
  class space    used 583K, capacity 616K, committed 640K, reserved 1048576K

Card table byte_map: [0x0000000011b60000,0x0000000011d70000] byte_map_base: 0x0000000011560000

Marking Bits: (ParMarkBitMap*) 0x000000006446a5b0
 Begin Bits: [0x00000000121c0000, 0x00000000131c0000)
 End Bits:   [0x00000000131c0000, 0x00000000141c0000)

Polling page: 0x0000000000340000

CodeCache: size=245760Kb used=5429Kb max_used=5439Kb free=240330Kb
 bounds [0x00000000027a0000, 0x0000000002d00000, 0x00000000117a0000]
 total_blobs=1574 nmethods=1313 adapters=175
 compilation: enabled

Compilation events (10 events):
Event: 4.240 Thread 0x0000000054d53000 1313       4       com.android.dx.rop.code.Insn::getLocalAssignment (48 bytes)
Event: 4.241 Thread 0x0000000054d57000 nmethod 1312 0x0000000002cf3cd0 code [0x0000000002cf3e80, 0x0000000002cf4358]
Event: 4.241 Thread 0x0000000054d57000 1311       3       com.android.dx.cf.direct.DirectClassFile::getSourceFile (31 bytes)
Event: 4.241 Thread 0x0000000054d57000 nmethod 1311 0x0000000002cf33d0 code [0x0000000002cf3580, 0x0000000002cf3b38]
Event: 4.242 Thread 0x0000000054d53000 nmethod 1313 0x0000000002cea550 code [0x0000000002cea6a0, 0x0000000002cea798]
Event: 4.244 Thread 0x0000000054d53000 1314       4       com.android.dx.rop.code.ThrowingCstInsn::accept (8 bytes)
Event: 4.244 Thread 0x0000000054d53000 nmethod 1314 0x0000000002cf46d0 code [0x0000000002cf4800, 0x0000000002cf4878]
Event: 4.245 Thread 0x0000000054d53000 1315       4       com.android.dx.dex.code.RopToDop::dopFor (792 bytes)
Event: 4.275 Thread 0x0000000054d57000 1316       3       com.android.dx.dex.code.BlockAddresses::getStart (7 bytes)
Event: 4.276 Thread 0x0000000054d57000 nmethod 1316 0x0000000002cf3010 code [0x0000000002cf3160, 0x0000000002cf32d0]

GC Heap History (2 events):
Event: 2.773 GC heap before
{Heap before GC invocations=1 (full 0):
 PSYoungGen      total 28672K, used 24576K [0x00000000eab00000, 0x00000000ecb00000, 0x0000000100000000)
  eden space 24576K, 100% used [0x00000000eab00000,0x00000000ec300000,0x00000000ec300000)
  from space 4096K, 0% used [0x00000000ec700000,0x00000000ec700000,0x00000000ecb00000)
  to   space 4096K, 0% used [0x00000000ec300000,0x00000000ec300000,0x00000000ec700000)
 ParOldGen       total 65536K, used 0K [0x00000000c0000000, 0x00000000c4000000, 0x00000000eab00000)
  object space 65536K, 0% used [0x00000000c0000000,0x00000000c0000000,0x00000000c4000000)
 Metaspace       used 5719K, capacity 6896K, committed 7040K, reserved 1056768K
  class space    used 581K, capacity 616K, committed 640K, reserved 1048576K
Event: 2.814 GC heap after
Heap after GC invocations=1 (full 0):
 PSYoungGen      total 28672K, used 4082K [0x00000000eab00000, 0x00000000ee300000, 0x0000000100000000)
  eden space 24576K, 0% used [0x00000000eab00000,0x00000000eab00000,0x00000000ec300000)
  from space 4096K, 99% used [0x00000000ec300000,0x00000000ec6fcbd0,0x00000000ec700000)
  to   space 4096K, 0% used [0x00000000edf00000,0x00000000edf00000,0x00000000ee300000)
 ParOldGen       total 65536K, used 1846K [0x00000000c0000000, 0x00000000c4000000, 0x00000000eab00000)
  object space 65536K, 2% used [0x00000000c0000000,0x00000000c01cd8a0,0x00000000c4000000)
 Metaspace       used 5719K, capacity 6896K, committed 7040K, reserved 1056768K
  class space    used 581K, capacity 616K, committed 640K, reserved 1048576K
}

Deoptimization events (10 events):
Event: 2.562 Thread 0x00000000564ce000 Uncommon trap: reason=class_check action=maybe_recompile pc=0x0000000002af8040 method=com.android.dx.rop.type.Type.equals(Ljava/lang/Object;)Z @ 8
Event: 2.562 Thread 0x00000000564ce000 Uncommon trap: reason=class_check action=maybe_recompile pc=0x0000000002af8040 method=com.android.dx.rop.type.Type.equals(Ljava/lang/Object;)Z @ 8
Event: 2.764 Thread 0x0000000056460000 Uncommon trap: reason=unstable_if action=reinterpret pc=0x0000000002b2af14 method=com.android.dx.rop.code.RegisterSpecSet.put(Lcom/android/dx/rop/code/RegisterSpec;)V @ 77
Event: 2.764 Thread 0x0000000056460000 Uncommon trap: reason=unstable_if action=reinterpret pc=0x0000000002b6bf8c method=com.android.dx.rop.code.RegisterSpecSet.put(Lcom/android/dx/rop/code/RegisterSpec;)V @ 77
Event: 2.869 Thread 0x00000000564ce000 Uncommon trap: reason=null_check action=make_not_entrant pc=0x0000000002c021c0 method=com.android.dx.rop.type.Type.equals(Ljava/lang/Object;)Z @ 8
Event: 3.080 Thread 0x0000000056449000 Uncommon trap: reason=class_check action=maybe_recompile pc=0x0000000002c6c410 method=com.android.dx.ssa.NormalSsaInsn.accept(Lcom/android/dx/ssa/SsaInsn$Visitor;)V @ 9
Event: 3.521 Thread 0x0000000056460000 Uncommon trap: reason=class_check action=maybe_recompile pc=0x0000000002bf90cc method=com.android.dx.cf.code.BytecodeArray.parseInstruction(ILcom/android/dx/cf/code/BytecodeArray$Visitor;)I @ 2002
Event: 3.521 Thread 0x0000000056460000 Uncommon trap: reason=class_check action=maybe_recompile pc=0x0000000002bf90cc method=com.android.dx.cf.code.BytecodeArray.parseInstruction(ILcom/android/dx/cf/code/BytecodeArray$Visitor;)I @ 2002
Event: 3.521 Thread 0x0000000056460000 Uncommon trap: reason=class_check action=maybe_recompile pc=0x0000000002bf90cc method=com.android.dx.cf.code.BytecodeArray.parseInstruction(ILcom/android/dx/cf/code/BytecodeArray$Visitor;)I @ 2002
Event: 3.521 Thread 0x0000000056460000 Uncommon trap: reason=class_check action=maybe_recompile pc=0x0000000002bf90cc method=com.android.dx.cf.code.BytecodeArray.parseInstruction(ILcom/android/dx/cf/code/BytecodeArray$Visitor;)I @ 2002

Internal exceptions (3 events):
Event: 0.085 Thread 0x000000000037e000 Exception <a 'java/lang/NoSuchMethodError': Method sun.misc.Unsafe.defineClass(Ljava/lang/String;[BII)Ljava/lang/Class; name or signature does not match> (0x00000000eab130b0) thrown at [C:\workspace\8-2-build-windows-amd64-cygwin\jdk8u65\4987\hotspot\src\s0˛{!≠µ?
Event: 0.085 Thread 0x000000000037e000 Exception <a 'java/lang/NoSuchMethodError': Method sun.misc.Unsafe.prefetchRead(Ljava/lang/Object;J)V name or signature does not match> (0x00000000eab13398) thrown at [C:\workspace\8-2-build-windows-amd64-cygwin\jdk8u65\4987\hotspot\src\share\vm\prims\jni.ì‘îÅÙ@
Event: 2.869 Thread 0x00000000564ce000 Implicit null exception at 0x0000000002c02112 to 0x0000000002c021b1

Events (10 events):
Event: 3.521 Thread 0x0000000056460000 DEOPT UNPACKING pc=0x00000000027e582a sp=0x00000000568ae698 mode 2
Event: 3.521 Thread 0x0000000056460000 Uncommon trap: trap_request=0xffffffde fr.pc=0x0000000002bf90cc
Event: 3.521 Thread 0x0000000056460000 DEOPT PACKING pc=0x0000000002bf90cc sp=0x00000000568ae710
Event: 3.521 Thread 0x0000000056460000 DEOPT UNPACKING pc=0x00000000027e582a sp=0x00000000568ae698 mode 2
Event: 4.120 Thread 0x0000000056449000 DEOPT PACKING pc=0x0000000002ad0a1e sp=0x0000000056afec40
Event: 4.120 Thread 0x0000000056449000 DEOPT UNPACKING pc=0x00000000027e747f sp=0x0000000056afe9a8 mode 0
Event: 4.205 Thread 0x0000000056460000 DEOPT PACKING pc=0x0000000002ad0a1e sp=0x00000000568ae550
Event: 4.205 Thread 0x0000000056460000 DEOPT UNPACKING pc=0x00000000027e747f sp=0x00000000568ae2b8 mode 0
Event: 4.278 Executing VM operation: EnableBiasedLocking
Event: 4.280 Executing VM operation: EnableBiasedLocking done


Dynamic libraries:
0x000000013f330000 - 0x000000013f367000 	C:\Program Files\Java\jdk1.8.0_65\bin\java.exe
0x0000000076f40000 - 0x00000000770e9000 	C:\Windows\SYSTEM32\ntdll.dll
0x0000000076e20000 - 0x0000000076f3f000 	C:\Windows\system32\kernel32.dll
0x000007fefcd20000 - 0x000007fefcd8c000 	C:\Windows\system32\KERNELBASE.dll
0x000007fefd7d0000 - 0x000007fefd8ab000 	C:\Windows\system32\ADVAPI32.dll
0x000007fefd120000 - 0x000007fefd1bf000 	C:\Windows\system32\msvcrt.dll
0x000007fefd7b0000 - 0x000007fefd7cf000 	C:\Windows\SYSTEM32\sechost.dll
0x000007fefd3f0000 - 0x000007fefd51d000 	C:\Windows\system32\RPCRT4.dll
0x0000000076d20000 - 0x0000000076e1a000 	C:\Windows\system32\USER32.dll
0x000007fefeaf0000 - 0x000007fefeb57000 	C:\Windows\system32\GDI32.dll
0x000007fefec00000 - 0x000007fefec0e000 	C:\Windows\system32\LPK.dll
0x000007fefd320000 - 0x000007fefd3e9000 	C:\Windows\system32\USP10.dll
0x000007fefb4b0000 - 0x000007fefb6a4000 	C:\Windows\WinSxS\amd64_microsoft.windows.common-controls_6595b64144ccf1df_6.0.7601.18837_none_fa3b1e3d17594757\COMCTL32.dll
0x000007fefd520000 - 0x000007fefd591000 	C:\Windows\system32\SHLWAPI.dll
0x000007fefeac0000 - 0x000007fefeaee000 	C:\Windows\system32\IMM32.DLL
0x000007fefe9b0000 - 0x000007fefeab9000 	C:\Windows\system32\MSCTF.dll
0x0000000066b50000 - 0x0000000066c22000 	C:\Program Files\Java\jdk1.8.0_65\jre\bin\msvcr100.dll
0x0000000063c60000 - 0x00000000644e9000 	C:\Program Files\Java\jdk1.8.0_65\jre\bin\server\jvm.dll
0x000007fefaba0000 - 0x000007fefaba9000 	C:\Windows\system32\WSOCK32.dll
0x000007fefef30000 - 0x000007fefef7d000 	C:\Windows\system32\WS2_32.dll
0x000007fefd110000 - 0x000007fefd118000 	C:\Windows\system32\NSI.dll
0x000007fef9cb0000 - 0x000007fef9ceb000 	C:\Windows\system32\WINMM.dll
0x000007fefbdc0000 - 0x000007fefbdcc000 	C:\Windows\system32\VERSION.dll
0x0000000077110000 - 0x0000000077117000 	C:\Windows\system32\PSAPI.DLL
0x00000000710b0000 - 0x00000000710bf000 	C:\Program Files\Java\jdk1.8.0_65\jre\bin\verify.dll
0x0000000068b60000 - 0x0000000068b89000 	C:\Program Files\Java\jdk1.8.0_65\jre\bin\java.dll
0x0000000069170000 - 0x0000000069186000 	C:\Program Files\Java\jdk1.8.0_65\jre\bin\zip.dll
0x000007fefd8b0000 - 0x000007fefe639000 	C:\Windows\system32\SHELL32.dll
0x000007fefd5a0000 - 0x000007fefd7a3000 	C:\Windows\system32\ole32.dll
0x000007fefccf0000 - 0x000007fefccff000 	C:\Windows\system32\profapi.dll

VM Arguments:
jvm_args: -Djava.awt.headless=true -Xmx1024M -Dfile.encoding=windows-1251 -Duser.country=RU -Duser.language=ru -Duser.variant 
java_command: com.android.dx.command.Main --dex --num-threads=4 --output C:\Users\Minorius\AndroidStudioProjects\PR_9\app\build\intermediates\pre-dexed\debug\debug_351583d6f75b6c31828beb250538fe796624324f.jar C:\Users\Minorius\AndroidStudioProjects\PR_9\app\build\intermediates\classes\debug
java_class_path (initial): C:\Users\Minorius\AppData\Local\Android\sdk1\build-tools\23.0.2\lib\dx.jar
Launcher Type: SUN_STANDARD

Environment Variables:
PATH=C:\ProgramData\Oracle\Java\javapath;C:\Program Files (x86)\NVIDIA Corporation\PhysX\Common;C:\Windows\system32;C:\Windows;C:\Windows\System32\Wbem;C:\Windows\System32\WindowsPowerShell\v1.0\;C:\Program Files (x86)\Google\Chrome\Application;C:\ProgramData\Oracle\Java\javapath;C:\Program Files (x86)\NVIDIA Corporation\PhysX\Common;C:\Windows\system32;C:\Windows;C:\Windows\System32\Wbem;C:\Windows\System32\WindowsPowerShell\v1.0\
USERNAME=Minorius
OS=Windows_NT
PROCESSOR_IDENTIFIER=AMD64 Family 16 Model 2 Stepping 3, AuthenticAMD



---------------  S Y S T E M  ---------------

OS: Windows 7 , 64 bit Build 7601 (6.1.7601.18933)

CPU:total 2 (2 cores per cpu, 1 threads per core) family 16 model 2 stepping 3, cmov, cx8, fxsr, mmx, sse, sse2, sse3, popcnt, mmxext, 3dnowpref, lzcnt, sse4a, tsc, tscinvbit, tscinv

Memory: 4k page, physical 6289912k(1618244k free), swap 6288072k(4928k free)

vm_info: Java HotSpot(TM) 64-Bit Server VM (25.65-b01) for windows-amd64 JRE (1.8.0_65-b17), built on Oct  6 2015 16:39:20 by "java_re" with MS VC++ 10.0 (VS2010)

time: Mon Apr 11 17:34:01 2016
elapsed time: 4 seconds (0d 0h 0m 4s)

