#
# There is insufficient memory for the Java Runtime Environment to continue.
# Native memory allocation (malloc) failed to allocate 131088 bytes for Chunk::new
# Possible reasons:
#   The system is out of physical RAM or swap space
#   In 32 bit mode, the process size limit was hit
# Possible solutions:
#   Reduce memory load on the system
#   Increase physical memory or swap space
#   Check if swap backing store is full
#   Use 64 bit Java on a 64 bit OS
#   Decrease Java heap size (-Xmx/-Xms)
#   Decrease number of Java threads
#   Decrease Java thread stack sizes (-Xss)
#   Set larger code cache with -XX:ReservedCodeCacheSize=
# This output file may be truncated or incomplete.
#
#  Out of Memory Error (allocation.cpp:390), pid=1032, tid=4680
#
# JRE version: Java(TM) SE Runtime Environment (8.0_65-b17) (build 1.8.0_65-b17)
# Java VM: Java HotSpot(TM) 64-Bit Server VM (25.65-b01 mixed mode windows-amd64 compressed oops)
# Failed to write core dump. Minidumps are not enabled by default on client versions of Windows
#

---------------  T H R E A D  ---------------

Current thread (0x0000000055019000):  JavaThread "C2 CompilerThread0" daemon [_thread_in_native, id=4680, stack(0x0000000055ff0000,0x00000000560f0000)]

Stack: [0x0000000055ff0000,0x00000000560f0000]
[error occurred during error reporting (printing stack bounds), id 0xc0000005]

Native frames: (J=compiled Java code, j=interpreted, Vv=VM code, C=native code)


Current CompileTask:
C2:  14152 1810       4       com.android.dx.rop.code.LocalVariableExtractor::processBlock (327 bytes)


---------------  P R O C E S S  ---------------

Java Threads: ( => current thread )
  0x0000000056515800 JavaThread "pool-1-thread-4" [_thread_blocked, id=3808, stack(0x0000000057050000,0x0000000057150000)]
  0x0000000056514800 JavaThread "pool-1-thread-3" [_thread_blocked, id=4620, stack(0x0000000056e80000,0x0000000056f80000)]
  0x000000005650b000 JavaThread "pool-1-thread-2" [_thread_blocked, id=3500, stack(0x0000000055da0000,0x0000000055ea0000)]
  0x0000000056506000 JavaThread "pool-2-thread-1" [_thread_blocked, id=132, stack(0x0000000056ba0000,0x0000000056ca0000)]
  0x0000000056504800 JavaThread "pool-1-thread-1" [_thread_blocked, id=1848, stack(0x0000000056a20000,0x0000000056b20000)]
  0x00000000562e1000 JavaThread "Service Thread" daemon [_thread_blocked, id=2752, stack(0x0000000056730000,0x0000000056830000)]
  0x0000000055072800 JavaThread "C1 CompilerThread1" daemon [_thread_blocked, id=2972, stack(0x00000000561d0000,0x00000000562d0000)]
=>0x0000000055019000 JavaThread "C2 CompilerThread0" daemon [_thread_in_native, id=4680, stack(0x0000000055ff0000,0x00000000560f0000)]
  0x0000000055017000 JavaThread "Attach Listener" daemon [_thread_blocked, id=5088, stack(0x0000000055b30000,0x0000000055c30000)]
  0x0000000055015800 JavaThread "Signal Dispatcher" daemon [_thread_blocked, id=2696, stack(0x0000000055eb0000,0x0000000055fb0000)]
  0x0000000054fb6800 JavaThread "Finalizer" daemon [_thread_blocked, id=4624, stack(0x0000000055c80000,0x0000000055d80000)]
  0x0000000054fb3000 JavaThread "Reference Handler" daemon [_thread_blocked, id=1232, stack(0x0000000055a00000,0x0000000055b00000)]
  0x000000000229e000 JavaThread "main" [_thread_blocked, id=2276, stack(0x0000000002620000,0x0000000002720000)]

Other Threads:
  0x0000000054fad000 VMThread [stack: 0x0000000055830000,0x0000000055930000] [id=3068]
  0x00000000562e6000 WatcherThread [stack: 0x0000000056830000,0x0000000056930000] [id=4668]

VM state:not at safepoint (normal execution)

VM Mutex/Monitor currently owned by a thread:  ([mutex/lock_event])
[0x000000000229c9f0] Heap_lock - owner thread: 0x000000005650b000

Heap:
 PSYoungGen      total 53248K, used 4067K [0x00000000eab00000, 0x00000000f1300000, 0x0000000100000000)
  eden space 49152K, 0% used [0x00000000eab00000,0x00000000eab00038,0x00000000edb00000)
  from space 4096K, 99% used [0x00000000edf00000,0x00000000ee2f8e58,0x00000000ee300000)
  to   space 4096K, 0% used [0x00000000edb00000,0x00000000edb00000,0x00000000edf00000)
 ParOldGen       total 65536K, used 18132K [0x00000000c0000000, 0x00000000c4000000, 0x00000000eab00000)
  object space 65536K, 27% used [0x00000000c0000000,0x00000000c11b5188,0x00000000c4000000)
 Metaspace       used 6275K, capacity 7152K, committed 7296K, reserved 1056768K
  class space    used 603K, capacity 616K, committed 640K, reserved 1048576K

Card table byte_map: [0x0000000011db0000,0x0000000011fc0000] byte_map_base: 0x00000000117b0000

Marking Bits: (ParMarkBitMap*) 0x000000006446a5b0
 Begin Bits: [0x0000000012480000, 0x0000000013480000)
 End Bits:   [0x0000000013480000, 0x0000000014480000)

Polling page: 0x0000000000230000

CodeCache: size=245760Kb used=7875Kb max_used=7912Kb free=237884Kb
 bounds [0x00000000029f0000, 0x00000000031b0000, 0x00000000119f0000]
 total_blobs=2053 nmethods=1785 adapters=182
 compilation: enabled

Compilation events (10 events):
Event: 13.642 Thread 0x0000000055072800 1829       2       com.android.dx.dex.file.ClassDataItem::addDirectMethod (24 bytes)
Event: 13.642 Thread 0x0000000055072800 nmethod 1829 0x000000000319a910 code [0x000000000319aaa0, 0x000000000319add8]
Event: 13.645 Thread 0x0000000055072800 1830       2       com.android.dx.rop.code.CstInsn::contentEquals (31 bytes)
Event: 13.645 Thread 0x0000000055072800 nmethod 1830 0x000000000319b050 code [0x000000000319b1c0, 0x000000000319b3d8]
Event: 13.654 Thread 0x0000000055019000 nmethod 1803 0x000000000319b4d0 code [0x000000000319ce00, 0x00000000031a4f80]
Event: 13.655 Thread 0x0000000055019000 1810       4       com.android.dx.rop.code.LocalVariableExtractor::processBlock (327 bytes)
Event: 13.656 Thread 0x0000000055072800 1831       2       com.android.dx.ssa.back.FirstFitLocalCombiningAllocator::getLocalItemForReg (97 bytes)
Event: 13.657 Thread 0x0000000055072800 nmethod 1831 0x0000000003173250 code [0x0000000003173440, 0x0000000003173958]
Event: 13.658 Thread 0x0000000055072800 1832       2       com.android.dx.ssa.back.FirstFitLocalCombiningAllocator::rangeContainsReserved (30 bytes)
Event: 13.658 Thread 0x0000000055072800 nmethod 1832 0x0000000003198c50 code [0x0000000003198dc0, 0x0000000003198fe8]

GC Heap History (8 events):
Event: 2.412 GC heap before
{Heap before GC invocations=1 (full 0):
 PSYoungGen      total 28672K, used 24576K [0x00000000eab00000, 0x00000000ecb00000, 0x0000000100000000)
  eden space 24576K, 100% used [0x00000000eab00000,0x00000000ec300000,0x00000000ec300000)
  from space 4096K, 0% used [0x00000000ec700000,0x00000000ec700000,0x00000000ecb00000)
  to   space 4096K, 0% used [0x00000000ec300000,0x00000000ec300000,0x00000000ec700000)
 ParOldGen       total 65536K, used 0K [0x00000000c0000000, 0x00000000c4000000, 0x00000000eab00000)
  object space 65536K, 0% used [0x00000000c0000000,0x00000000c0000000,0x00000000c4000000)
 Metaspace       used 5833K, capacity 6768K, committed 7040K, reserved 1056768K
  class space    used 601K, capacity 616K, committed 640K, reserved 1048576K
Event: 2.787 GC heap after
Heap after GC invocations=1 (full 0):
 PSYoungGen      total 28672K, used 4074K [0x00000000eab00000, 0x00000000ee300000, 0x0000000100000000)
  eden space 24576K, 0% used [0x00000000eab00000,0x00000000eab00000,0x00000000ec300000)
  from space 4096K, 99% used [0x00000000ec300000,0x00000000ec6faab0,0x00000000ec700000)
  to   space 4096K, 0% used [0x00000000edf00000,0x00000000edf00000,0x00000000ee300000)
 ParOldGen       total 65536K, used 835K [0x00000000c0000000, 0x00000000c4000000, 0x00000000eab00000)
  object space 65536K, 1% used [0x00000000c0000000,0x00000000c00d0f50,0x00000000c4000000)
 Metaspace       used 5833K, capacity 6768K, committed 7040K, reserved 1056768K
  class space    used 601K, capacity 616K, committed 640K, reserved 1048576K
}
Event: 3.814 GC heap before
{Heap before GC invocations=2 (full 0):
 PSYoungGen      total 28672K, used 28650K [0x00000000eab00000, 0x00000000ee300000, 0x0000000100000000)
  eden space 24576K, 100% used [0x00000000eab00000,0x00000000ec300000,0x00000000ec300000)
  from space 4096K, 99% used [0x00000000ec300000,0x00000000ec6faab0,0x00000000ec700000)
  to   space 4096K, 0% used [0x00000000edf00000,0x00000000edf00000,0x00000000ee300000)
 ParOldGen       total 65536K, used 835K [0x00000000c0000000, 0x00000000c4000000, 0x00000000eab00000)
  object space 65536K, 1% used [0x00000000c0000000,0x00000000c00d0f50,0x00000000c4000000)
 Metaspace       used 6092K, capacity 7024K, committed 7296K, reserved 1056768K
  class space    used 602K, capacity 616K, committed 640K, reserved 1048576K
Event: 3.973 GC heap after
Heap after GC invocations=2 (full 0):
 PSYoungGen      total 53248K, used 4087K [0x00000000eab00000, 0x00000000ee300000, 0x0000000100000000)
  eden space 49152K, 0% used [0x00000000eab00000,0x00000000eab00000,0x00000000edb00000)
  from space 4096K, 99% used [0x00000000edf00000,0x00000000ee2fde60,0x00000000ee300000)
  to   space 4096K, 0% used [0x00000000edb00000,0x00000000edb00000,0x00000000edf00000)
 ParOldGen       total 65536K, used 3299K [0x00000000c0000000, 0x00000000c4000000, 0x00000000eab00000)
  object space 65536K, 5% used [0x00000000c0000000,0x00000000c0338fa8,0x00000000c4000000)
 Metaspace       used 6092K, capacity 7024K, committed 7296K, reserved 1056768K
  class space    used 602K, capacity 616K, committed 640K, reserved 1048576K
}
Event: 9.644 GC heap before
{Heap before GC invocations=3 (full 0):
 PSYoungGen      total 53248K, used 53239K [0x00000000eab00000, 0x00000000ee300000, 0x0000000100000000)
  eden space 49152K, 100% used [0x00000000eab00000,0x00000000edb00000,0x00000000edb00000)
  from space 4096K, 99% used [0x00000000edf00000,0x00000000ee2fde60,0x00000000ee300000)
  to   space 4096K, 0% used [0x00000000edb00000,0x00000000edb00000,0x00000000edf00000)
 ParOldGen       total 65536K, used 3299K [0x00000000c0000000, 0x00000000c4000000, 0x00000000eab00000)
  object space 65536K, 5% used [0x00000000c0000000,0x00000000c0338fa8,0x00000000c4000000)
 Metaspace       used 6197K, capacity 7088K, committed 7296K, reserved 1056768K
  class space    used 602K, capacity 616K, committed 640K, reserved 1048576K
Event: 9.991 GC heap after
Heap after GC invocations=3 (full 0):
 PSYoungGen      total 53248K, used 4085K [0x00000000eab00000, 0x00000000ee300000, 0x0000000100000000)
  eden space 49152K, 0% used [0x00000000eab00000,0x00000000eab00000,0x00000000edb00000)
  from space 4096K, 99% used [0x00000000edb00000,0x00000000edefd788,0x00000000edf00000)
  to   space 4096K, 0% used [0x00000000edf00000,0x00000000edf00000,0x00000000ee300000)
 ParOldGen       total 65536K, used 10742K [0x00000000c0000000, 0x00000000c4000000, 0x00000000eab00000)
  object space 65536K, 16% used [0x00000000c0000000,0x00000000c0a7da40,0x00000000c4000000)
 Metaspace       used 6197K, capacity 7088K, committed 7296K, reserved 1056768K
  class space    used 602K, capacity 616K, committed 640K, reserved 1048576K
}
Event: 13.661 GC heap before
{Heap before GC invocations=4 (full 0):
 PSYoungGen      total 53248K, used 53237K [0x00000000eab00000, 0x00000000ee300000, 0x0000000100000000)
  eden space 49152K, 100% used [0x00000000eab00000,0x00000000edb00000,0x00000000edb00000)
  from space 4096K, 99% used [0x00000000edb00000,0x00000000edefd788,0x00000000edf00000)
  to   space 4096K, 0% used [0x00000000edf00000,0x00000000edf00000,0x00000000ee300000)
 ParOldGen       total 65536K, used 10742K [0x00000000c0000000, 0x00000000c4000000, 0x00000000eab00000)
  object space 65536K, 16% used [0x00000000c0000000,0x00000000c0a7da40,0x00000000c4000000)
 Metaspace       used 6275K, capacity 7152K, committed 7296K, reserved 1056768K
  class space    used 603K, capacity 616K, committed 640K, reserved 1048576K
Event: 14.112 GC heap after
Heap after GC invocations=4 (full 0):
 PSYoungGen      total 53248K, used 4067K [0x00000000eab00000, 0x00000000f1300000, 0x0000000100000000)
  eden space 49152K, 0% used [0x00000000eab00000,0x00000000eab00000,0x00000000edb00000)
  from space 4096K, 99% used [0x00000000edf00000,0x00000000ee2f8e58,0x00000000ee300000)
  to   space 4096K, 0% used [0x00000000edb00000,0x00000000edb00000,0x00000000edf00000)
 ParOldGen       total 65536K, used 18132K [0x00000000c0000000, 0x00000000c4000000, 0x00000000eab00000)
  object space 65536K, 27% used [0x00000000c0000000,0x00000000c11b5188,0x00000000c4000000)
 Metaspace       used 6275K, capacity 7152K, committed 7296K, reserved 1056768K
  class space    used 603K, capacity 616K, committed 640K, reserved 1048576K
}

Deoptimization events (10 events):
Event: 9.555 Thread 0x000000000229e000 Uncommon trap: reason=unstable_if action=reinterpret pc=0x0000000002d24c6c method=com.android.dx.util.IntList.binarysearch(I)I @ 105
Event: 9.555 Thread 0x000000000229e000 Uncommon trap: reason=unstable_if action=reinterpret pc=0x0000000002f88c4c method=com.android.dx.ssa.SsaBasicBlock.newFromRop(Lcom/android/dx/rop/code/RopMethod;ILcom/android/dx/ssa/SsaMethod;)Lcom/android/dx/ssa/SsaBasicBlock; @ 164
Event: 9.561 Thread 0x000000000229e000 Uncommon trap: reason=unstable_if action=reinterpret pc=0x000000000303bd7c method=com.android.dx.ssa.SsaMethod.blockIndexToRopLabel(I)I @ 1
Event: 11.908 Thread 0x0000000056515800 Uncommon trap: reason=unstable_if action=reinterpret pc=0x00000000030f8b4c method=com.android.dx.ssa.LiteralOpUpgrader$1.visitNonMoveInsn(Lcom/android/dx/ssa/NormalSsaInsn;)V @ 55
Event: 11.909 Thread 0x0000000056515800 Uncommon trap: reason=unstable_if action=reinterpret pc=0x0000000002d0ef0c method=com.android.dx.ssa.SsaMethod.updateOneDefinition(Lcom/android/dx/ssa/SsaInsn;Lcom/android/dx/rop/code/RegisterSpec;)V @ 4
Event: 12.969 Thread 0x000000005650b000 Uncommon trap: reason=bimorphic action=maybe_recompile pc=0x00000000031038cc method=com.android.dx.cf.code.BytecodeArray.parseInstruction(ILcom/android/dx/cf/code/BytecodeArray$Visitor;)I @ 1130
Event: 12.969 Thread 0x000000005650b000 Uncommon trap: reason=bimorphic action=maybe_recompile pc=0x0000000003103498 method=com.android.dx.cf.code.BytecodeArray.parseInstruction(ILcom/android/dx/cf/code/BytecodeArray$Visitor;)I @ 971
Event: 12.969 Thread 0x000000005650b000 Uncommon trap: reason=bimorphic action=maybe_recompile pc=0x0000000003103524 method=com.android.dx.cf.code.BytecodeArray.parseInstruction(ILcom/android/dx/cf/code/BytecodeArray$Visitor;)I @ 987
Event: 12.969 Thread 0x000000005650b000 Uncommon trap: reason=bimorphic action=maybe_recompile pc=0x000000000310340c method=com.android.dx.cf.code.BytecodeArray.parseInstruction(ILcom/android/dx/cf/code/BytecodeArray$Visitor;)I @ 955
Event: 12.969 Thread 0x000000005650b000 Uncommon trap: reason=bimorphic action=maybe_recompile pc=0x000000000310340c method=com.android.dx.cf.code.BytecodeArray.parseInstruction(ILcom/android/dx/cf/code/BytecodeArray$Visitor;)I @ 955

Internal exceptions (2 events):
Event: 0.105 Thread 0x000000000229e000 Exception <a 'java/lang/NoSuchMethodError': Method sun.misc.Unsafe.defineClass(Ljava/lang/String;[BII)Ljava/lang/Class; name or signature does not match> (0x00000000eab130b0) thrown at [C:\workspace\8-2-build-windows-amd64-cygwin\jdk8u65\4987\hotspot\src\sêuxÞÛº?
Event: 0.105 Thread 0x000000000229e000 Exception <a 'java/lang/NoSuchMethodError': Method sun.misc.Unsafe.prefetchRead(Ljava/lang/Object;J)V name or signature does not match> (0x00000000eab13398) thrown at [C:\workspace\8-2-build-windows-amd64-cygwin\jdk8u65\4987\hotspot\src\share\vm\prims\jni.

Events (10 events):
Event: 12.969 Thread 0x000000005650b000 Uncommon trap: trap_request=0xffffffc6 fr.pc=0x000000000310340c
Event: 12.969 Thread 0x000000005650b000 DEOPT PACKING pc=0x000000000310340c sp=0x0000000055e9e7f0
Event: 12.969 Thread 0x000000005650b000 DEOPT UNPACKING pc=0x0000000002a3582a sp=0x0000000055e9e7a8 mode 2
Event: 12.969 Thread 0x000000005650b000 Uncommon trap: trap_request=0xffffffc6 fr.pc=0x000000000310340c
Event: 12.969 Thread 0x000000005650b000 DEOPT PACKING pc=0x000000000310340c sp=0x0000000055e9e7f0
Event: 12.969 Thread 0x000000005650b000 DEOPT UNPACKING pc=0x0000000002a3582a sp=0x0000000055e9e7a8 mode 2
Event: 13.041 Thread 0x0000000056514800 DEOPT PACKING pc=0x000000000305c51e sp=0x0000000056f7e950
Event: 13.041 Thread 0x0000000056514800 DEOPT UNPACKING pc=0x0000000002a3747f sp=0x0000000056f7e708 mode 0
Event: 13.661 Executing VM operation: ParallelGCFailedAllocation
Event: 14.112 Executing VM operation: ParallelGCFailedAllocation done


Dynamic libraries:
0x000000013f330000 - 0x000000013f367000 	C:\Program Files\Java\jdk1.8.0_65\bin\java.exe
0x0000000076f40000 - 0x00000000770e9000 	C:\Windows\SYSTEM32\ntdll.dll
0x0000000076e20000 - 0x0000000076f3f000 	C:\Windows\system32\kernel32.dll
0x000007fefcd20000 - 0x000007fefcd8c000 	C:\Windows\system32\KERNELBASE.dll
0x000007fefd7d0000 - 0x000007fefd8ab000 	C:\Windows\system32\ADVAPI32.dll
0x000007fefd120000 - 0x000007fefd1bf000 	C:\Windows\system32\msvcrt.dll
0x000007fefd7b0000 - 0x000007fefd7cf000 	C:\Windows\SYSTEM32\sechost.dll
0x000007fefd3f0000 - 0x000007fefd51d000 	C:\Windows\system32\RPCRT4.dll
0x0000000076d20000 - 0x0000000076e1a000 	C:\Windows\system32\USER32.dll
0x000007fefeaf0000 - 0x000007fefeb57000 	C:\Windows\system32\GDI32.dll
0x000007fefec00000 - 0x000007fefec0e000 	C:\Windows\system32\LPK.dll
0x000007fefd320000 - 0x000007fefd3e9000 	C:\Windows\system32\USP10.dll
0x000007fefb4b0000 - 0x000007fefb6a4000 	C:\Windows\WinSxS\amd64_microsoft.windows.common-controls_6595b64144ccf1df_6.0.7601.18837_none_fa3b1e3d17594757\COMCTL32.dll
0x000007fefd520000 - 0x000007fefd591000 	C:\Windows\system32\SHLWAPI.dll
0x000007fefeac0000 - 0x000007fefeaee000 	C:\Windows\system32\IMM32.DLL
0x000007fefe9b0000 - 0x000007fefeab9000 	C:\Windows\system32\MSCTF.dll
0x0000000066b50000 - 0x0000000066c22000 	C:\Program Files\Java\jdk1.8.0_65\jre\bin\msvcr100.dll
0x0000000063c60000 - 0x00000000644e9000 	C:\Program Files\Java\jdk1.8.0_65\jre\bin\server\jvm.dll
0x000007fefaba0000 - 0x000007fefaba9000 	C:\Windows\system32\WSOCK32.dll
0x000007fefef30000 - 0x000007fefef7d000 	C:\Windows\system32\WS2_32.dll
0x000007fefd110000 - 0x000007fefd118000 	C:\Windows\system32\NSI.dll
0x000007fef9cb0000 - 0x000007fef9ceb000 	C:\Windows\system32\WINMM.dll
0x000007fefbdc0000 - 0x000007fefbdcc000 	C:\Windows\system32\VERSION.dll
0x0000000077110000 - 0x0000000077117000 	C:\Windows\system32\PSAPI.DLL
0x00000000710b0000 - 0x00000000710bf000 	C:\Program Files\Java\jdk1.8.0_65\jre\bin\verify.dll
0x0000000068b60000 - 0x0000000068b89000 	C:\Program Files\Java\jdk1.8.0_65\jre\bin\java.dll
0x0000000069170000 - 0x0000000069186000 	C:\Program Files\Java\jdk1.8.0_65\jre\bin\zip.dll
0x000007fefd8b0000 - 0x000007fefe639000 	C:\Windows\system32\SHELL32.dll
0x000007fefd5a0000 - 0x000007fefd7a3000 	C:\Windows\system32\ole32.dll
0x000007fefccf0000 - 0x000007fefccff000 	C:\Windows\system32\profapi.dll

VM Arguments:
jvm_args: -Djava.awt.headless=true -Xmx1024M -Dfile.encoding=windows-1251 -Duser.country=RU -Duser.language=ru -Duser.variant 
java_command: com.android.dx.command.Main --dex --num-threads=4 --output C:\Users\Minorius\AndroidStudioProjects\PR_9\app\build\intermediates\pre-dexed\debug\com.android.support-appcompat-v7-23.1.1_888ee2ed43e79386d40646a9992e08db6c7b4691.jar C:\Users\Minorius\AndroidStudioProjects\PR_9\app\build\intermediates\exploded-aar\com.android.support\appcompat-v7\23.1.1\jars\classes.jar
java_class_path (initial): C:\Users\Minorius\AppData\Local\Android\sdk1\build-tools\23.0.2\lib\dx.jar
Launcher Type: SUN_STANDARD

Environment Variables:
PATH=C:\ProgramData\Oracle\Java\javapath;C:\Program Files (x86)\NVIDIA Corporation\PhysX\Common;C:\Windows\system32;C:\Windows;C:\Windows\System32\Wbem;C:\Windows\System32\WindowsPowerShell\v1.0\;C:\Program Files (x86)\Google\Chrome\Application;C:\ProgramData\Oracle\Java\javapath;C:\Program Files (x86)\NVIDIA Corporation\PhysX\Common;C:\Windows\system32;C:\Windows;C:\Windows\System32\Wbem;C:\Windows\System32\WindowsPowerShell\v1.0\
USERNAME=Minorius
OS=Windows_NT
PROCESSOR_IDENTIFIER=AMD64 Family 16 Model 2 Stepping 3, AuthenticAMD



---------------  S Y S T E M  ---------------

OS: Windows 7 , 64 bit Build 7601 (6.1.7601.18933)

CPU:total 2 (2 cores per cpu, 1 threads per core) family 16 model 2 stepping 3, cmov, cx8, fxsr, mmx, sse, sse2, sse3, popcnt, mmxext, 3dnowpref, lzcnt, sse4a, tsc, tscinvbit, tscinv

Memory: 4k page, physical 6289912k(1541620k free), swap 6288072k(5136k free)

vm_info: Java HotSpot(TM) 64-Bit Server VM (25.65-b01) for windows-amd64 JRE (1.8.0_65-b17), built on Oct  6 2015 16:39:20 by "java_re" with MS VC++ 10.0 (VS2010)

time: Mon Apr 11 17:34:28 2016
elapsed time: 14 seconds (0d 0h 0m 14s)

